<?xml version="1.0" encoding="utf-8"?><testsuites name="pytest tests"><testsuite name="pytest" errors="0" failures="0" skipped="0" tests="8" time="1.570" timestamp="2026-01-23T17:15:10.299192+00:00" hostname="agent-env-3009c6e9-749d-42d6-aaab-e0728b3a7a07"><testcase classname="backend.tests.test_admin_live_map.TestAdminDriversEndpoint" name="test_admin_login_success" time="0.297" /><testcase classname="backend.tests.test_admin_live_map.TestAdminDriversEndpoint" name="test_get_drivers_requires_auth" time="0.037" /><testcase classname="backend.tests.test_admin_live_map.TestAdminDriversEndpoint" name="test_get_drivers_forbidden_for_driver_role" time="0.317" /><testcase classname="backend.tests.test_admin_live_map.TestAdminDriversEndpoint" name="test_get_drivers_success_for_admin" time="0.283" /><testcase classname="backend.tests.test_admin_live_map.TestAdminDriversEndpoint" name="test_get_drivers_returns_location_data" time="0.274" /><testcase classname="backend.tests.test_admin_live_map.TestAdminDriversEndpoint" name="test_driver_status_values" time="0.267" /><testcase classname="backend.tests.test_admin_live_map.TestWebSocketEndpoint" name="test_websocket_endpoint_exists" time="0.000" /><testcase classname="backend.tests.test_admin_live_map.TestHealthCheck" name="test_api_health" time="0.039" /></testsuite></testsuites>