<?xml version="1.0" encoding="utf-8"?><testsuites name="pytest tests"><testsuite name="pytest" errors="0" failures="0" skipped="0" tests="11" time="2.456" timestamp="2026-02-03T13:34:12.782519+00:00" hostname="agent-env-0fc14f84-235f-47b3-a40c-18cdb18a4ff1"><testcase classname="backend.tests.test_calendar_and_rejection.TestCalendarAndRejection" name="test_bookings_endpoint_returns_list" time="0.310" /><testcase classname="backend.tests.test_calendar_and_rejection.TestCalendarAndRejection" name="test_bookings_with_date_range_params" time="0.278" /><testcase classname="backend.tests.test_calendar_and_rejection.TestCalendarAndRejection" name="test_bookings_have_required_calendar_fields" time="0.314" /><testcase classname="backend.tests.test_calendar_and_rejection.TestCalendarAndRejection" name="test_reject_endpoint_requires_auth" time="0.036" /><testcase classname="backend.tests.test_calendar_and_rejection.TestCalendarAndRejection" name="test_reject_endpoint_returns_404_for_invalid_booking" time="0.271" /><testcase classname="backend.tests.test_calendar_and_rejection.TestCalendarAndRejection" name="test_rejection_reasons_are_valid" time="0.000" /><testcase classname="backend.tests.test_calendar_and_rejection.TestCalendarAndRejection" name="test_rejections_history_endpoint_requires_auth" time="0.038" /><testcase classname="backend.tests.test_calendar_and_rejection.TestCalendarAndRejection" name="test_rejections_history_returns_list" time="0.322" /><testcase classname="backend.tests.test_calendar_and_rejection.TestCalendarAndRejection" name="test_create_booking_and_reject_flow" time="0.270" /><testcase classname="backend.tests.test_calendar_and_rejection.TestCalendarViewComponent" name="test_calendar_month_query" time="0.274" /><testcase classname="backend.tests.test_calendar_and_rejection.TestCalendarViewComponent" name="test_bookings_have_status_for_filtering" time="0.287" /></testsuite></testsuites>