<?xml version="1.0" encoding="utf-8"?><testsuites name="pytest tests"><testsuite name="pytest" errors="0" failures="0" skipped="0" tests="14" time="1.285" timestamp="2026-01-23T17:44:07.765375+00:00" hostname="agent-env-3009c6e9-749d-42d6-aaab-e0728b3a7a07"><testcase classname="backend.tests.test_driver_assignment.TestHealthCheck" name="test_api_health" time="0.074" /><testcase classname="backend.tests.test_driver_assignment.TestAdminDriversEndpoint" name="test_get_drivers_requires_auth" time="0.044" /><testcase classname="backend.tests.test_driver_assignment.TestAdminDriversEndpoint" name="test_get_drivers_requires_admin_role" time="0.308" /><testcase classname="backend.tests.test_driver_assignment.TestAdminDriversEndpoint" name="test_get_drivers_success" time="0.306" /><testcase classname="backend.tests.test_driver_assignment.TestAdminDriversEndpoint" name="test_drivers_have_valid_status" time="0.042" /><testcase classname="backend.tests.test_driver_assignment.TestAssignDriverPublicEndpoint" name="test_assign_driver_public_requires_auth" time="0.039" /><testcase classname="backend.tests.test_driver_assignment.TestAssignDriverPublicEndpoint" name="test_assign_driver_public_requires_admin_role" time="0.047" /><testcase classname="backend.tests.test_driver_assignment.TestAssignDriverPublicEndpoint" name="test_assign_driver_public_invalid_driver" time="0.038" /><testcase classname="backend.tests.test_driver_assignment.TestAssignDriverPublicEndpoint" name="test_assign_driver_public_invalid_booking" time="0.122" /><testcase classname="backend.tests.test_driver_assignment.TestAssignDriverPatientPortalEndpoint" name="test_assign_driver_requires_auth" time="0.034" /><testcase classname="backend.tests.test_driver_assignment.TestAssignDriverPatientPortalEndpoint" name="test_assign_driver_requires_admin_role" time="0.033" /><testcase classname="backend.tests.test_driver_assignment.TestBookingsEndpoint" name="test_get_bookings_success" time="0.035" /><testcase classname="backend.tests.test_driver_assignment.TestPatientBookingsEndpoint" name="test_get_patient_bookings_requires_auth" time="0.038" /><testcase classname="backend.tests.test_driver_assignment.TestPatientBookingsEndpoint" name="test_get_patient_bookings_success" time="0.040" /></testsuite></testsuites>