<?xml version="1.0" encoding="utf-8"?><testsuites name="pytest tests"><testsuite name="pytest" errors="0" failures="0" skipped="0" tests="16" time="4.048" timestamp="2026-01-23T16:40:28.889153+00:00" hostname="agent-env-3009c6e9-749d-42d6-aaab-e0728b3a7a07"><testcase classname="backend.tests.test_driver_app.TestDriverAuth" name="test_driver_login_success" time="0.292" /><testcase classname="backend.tests.test_driver_app.TestDriverAuth" name="test_driver_login_invalid_credentials" time="0.263" /><testcase classname="backend.tests.test_driver_app.TestDriverProfile" name="test_get_driver_profile" time="0.313" /><testcase classname="backend.tests.test_driver_app.TestDriverProfile" name="test_driver_profile_requires_auth" time="0.043" /><testcase classname="backend.tests.test_driver_app.TestDriverProfile" name="test_driver_profile_requires_driver_role" time="0.306" /><testcase classname="backend.tests.test_driver_app.TestDriverStatus" name="test_update_status_to_available" time="0.306" /><testcase classname="backend.tests.test_driver_app.TestDriverStatus" name="test_update_status_to_offline" time="0.316" /><testcase classname="backend.tests.test_driver_app.TestDriverStatus" name="test_update_status_invalid" time="0.308" /><testcase classname="backend.tests.test_driver_app.TestDriverStatus" name="test_status_update_requires_auth" time="0.040" /><testcase classname="backend.tests.test_driver_app.TestDriverLocation" name="test_update_location" time="0.302" /><testcase classname="backend.tests.test_driver_app.TestDriverLocation" name="test_update_location_minimal" time="0.326" /><testcase classname="backend.tests.test_driver_app.TestDriverLocation" name="test_location_update_requires_auth" time="0.040" /><testcase classname="backend.tests.test_driver_app.TestDriverAssignment" name="test_get_assignment_no_assignment" time="0.303" /><testcase classname="backend.tests.test_driver_app.TestDriverAssignment" name="test_assignment_requires_auth" time="0.041" /><testcase classname="backend.tests.test_driver_app.TestDriverStatusFlow" name="test_status_flow_offline_to_available" time="0.372" /><testcase classname="backend.tests.test_driver_app.TestDriverStatusFlow" name="test_status_flow_available_to_offline" time="0.421" /></testsuite></testsuites>