<?xml version="1.0" encoding="utf-8"?><testsuites name="pytest tests"><testsuite name="pytest" errors="0" failures="0" skipped="0" tests="16" time="9.941" timestamp="2026-01-28T17:52:47.715849+00:00" hostname="agent-env-0fc14f84-235f-47b3-a40c-18cdb18a4ff1"><testcase classname="backend.tests.test_email_settings.TestEmailSettingsAPI" name="test_01_get_email_settings_requires_auth" time="0.068" /><testcase classname="backend.tests.test_email_settings.TestEmailSettingsAPI" name="test_02_get_email_settings_superadmin_only" time="0.318" /><testcase classname="backend.tests.test_email_settings.TestEmailSettingsAPI" name="test_03_update_email_settings_requires_auth" time="0.040" /><testcase classname="backend.tests.test_email_settings.TestEmailSettingsAPI" name="test_04_update_email_settings_notification_triggers" time="0.455" /><testcase classname="backend.tests.test_email_settings.TestEmailSettingsAPI" name="test_05_update_email_settings_enable_disable" time="0.451" /><testcase classname="backend.tests.test_email_settings.TestEmailSettingsAPI" name="test_06_test_email_requires_auth" time="0.041" /><testcase classname="backend.tests.test_email_settings.TestEmailSettingsAPI" name="test_07_test_email_sends_and_logs" time="1.968" /><testcase classname="backend.tests.test_email_settings.TestEmailSettingsAPI" name="test_08_get_email_logs_requires_auth" time="0.041" /><testcase classname="backend.tests.test_email_settings.TestEmailSettingsAPI" name="test_09_get_email_logs_returns_list" time="0.314" /><testcase classname="backend.tests.test_email_settings.TestEmailSettingsAPI" name="test_10_email_logs_contain_test_emails" time="0.310" /><testcase classname="backend.tests.test_email_settings.TestEmailNotificationTriggers" name="test_11_booking_creation_triggers_email" time="1.793" /><testcase classname="backend.tests.test_email_settings.TestEmailNotificationTriggers" name="test_12_booking_status_change_triggers_email" time="1.842" /><testcase classname="backend.tests.test_email_settings.TestEmailNotificationTriggers" name="test_13_booking_completion_triggers_email" time="1.957" /><testcase classname="backend.tests.test_email_settings.TestEmailTemplates" name="test_14_transport_email_template_booking_confirmation" time="0.278" /><testcase classname="backend.tests.test_email_settings.TestEmailTemplates" name="test_15_transport_email_template_driver_arriving" time="0.000" /><testcase classname="backend.tests.test_email_settings.TestEmailTemplates" name="test_16_transport_email_template_transport_completed" time="0.000" /></testsuite></testsuites>