<?xml version="1.0" encoding="utf-8"?><testsuites name="pytest tests"><testsuite name="pytest" errors="0" failures="0" skipped="0" tests="15" time="4.434" timestamp="2026-01-26T11:00:53.472595+00:00" hostname="agent-env-0621bd69-32c5-4f5f-a4c1-873ea8c2298b"><testcase classname="backend.tests.test_fleet_management.TestFleetManagement" name="test_get_vehicles_list" time="0.307" /><testcase classname="backend.tests.test_fleet_management.TestFleetManagement" name="test_create_vehicle" time="0.270" /><testcase classname="backend.tests.test_fleet_management.TestFleetManagement" name="test_get_single_vehicle" time="0.308" /><testcase classname="backend.tests.test_fleet_management.TestFleetManagement" name="test_get_nonexistent_vehicle" time="0.306" /><testcase classname="backend.tests.test_fleet_management.TestFleetManagement" name="test_get_available_staff" time="0.273" /><testcase classname="backend.tests.test_fleet_management.TestFleetManagement" name="test_assign_team_member" time="0.317" /><testcase classname="backend.tests.test_fleet_management.TestFleetManagement" name="test_assign_nurse_to_vehicle" time="0.341" /><testcase classname="backend.tests.test_fleet_management.TestFleetManagement" name="test_remove_team_member" time="0.410" /><testcase classname="backend.tests.test_fleet_management.TestFleetManagement" name="test_add_remote_doctor" time="0.338" /><testcase classname="backend.tests.test_fleet_management.TestFleetManagement" name="test_validate_team_incomplete" time="0.317" /><testcase classname="backend.tests.test_fleet_management.TestFleetManagement" name="test_validate_team_complete" time="0.424" /><testcase classname="backend.tests.test_fleet_management.TestFleetManagement" name="test_get_audit_trail" time="0.406" /><testcase classname="backend.tests.test_fleet_management.TestFleetManagement" name="test_ambulance_1_exists" time="0.285" /><testcase classname="backend.tests.test_fleet_management.TestFleetManagementAuth" name="test_vehicles_requires_auth" time="0.037" /><testcase classname="backend.tests.test_fleet_management.TestFleetManagementAuth" name="test_create_vehicle_requires_admin" time="0.036" /></testsuite></testsuites>