<?xml version="1.0" encoding="utf-8"?><testsuites name="pytest tests"><testsuite name="pytest" errors="0" failures="0" skipped="0" tests="15" time="4.305" timestamp="2026-02-03T12:19:08.033339+00:00" hostname="agent-env-0fc14f84-235f-47b3-a40c-18cdb18a4ff1"><testcase classname="backend.tests.test_notifications_router.TestNotificationsRouter" name="test_get_sms_settings_authenticated" time="0.312" /><testcase classname="backend.tests.test_notifications_router.TestNotificationsRouter" name="test_get_sms_settings_unauthenticated" time="0.307" /><testcase classname="backend.tests.test_notifications_router.TestNotificationsRouter" name="test_update_sms_settings" time="0.274" /><testcase classname="backend.tests.test_notifications_router.TestNotificationsRouter" name="test_get_sms_logs" time="0.283" /><testcase classname="backend.tests.test_notifications_router.TestNotificationsRouter" name="test_get_email_settings_authenticated" time="0.276" /><testcase classname="backend.tests.test_notifications_router.TestNotificationsRouter" name="test_get_email_settings_unauthenticated" time="0.294" /><testcase classname="backend.tests.test_notifications_router.TestNotificationsRouter" name="test_update_email_settings" time="0.278" /><testcase classname="backend.tests.test_notifications_router.TestNotificationsRouter" name="test_get_email_logs" time="0.268" /><testcase classname="backend.tests.test_notifications_router.TestNotificationHelpers" name="test_sms_providers_list" time="0.271" /><testcase classname="backend.tests.test_notifications_router.TestNotificationHelpers" name="test_email_notification_toggles" time="0.272" /><testcase classname="backend.tests.test_gantt_view_apis.TestGanttViewAPIs" name="test_get_fleet_vehicles" time="0.277" /><testcase classname="backend.tests.test_gantt_view_apis.TestGanttViewAPIs" name="test_get_bookings_with_date_range" time="0.270" /><testcase classname="backend.tests.test_gantt_view_apis.TestGanttViewAPIs" name="test_get_bookings_without_date_range" time="0.305" /><testcase classname="backend.tests.test_gantt_view_apis.TestGanttViewAPIs" name="test_vehicle_status_filter" time="0.279" /><testcase classname="backend.tests.test_gantt_view_apis.TestGanttViewAPIs" name="test_booking_has_required_gantt_fields" time="0.278" /></testsuite></testsuites>