<?xml version="1.0" encoding="utf-8"?><testsuites name="pytest tests"><testsuite name="pytest" errors="23" failures="0" skipped="0" tests="26" time="2.148" timestamp="2026-02-03T13:09:16.751650+00:00" hostname="agent-env-0fc14f84-235f-47b3-a40c-18cdb18a4ff1"><testcase classname="tests.test_medical_routes_and_decisions.TestMedicalDashboard" name="test_dashboard_requires_auth" time="0.105" /><testcase classname="tests.test_medical_routes_and_decisions.TestMedicalDashboard" name="test_dashboard_returns_data" time="0.276"><error message="failed on setup with &quot;AssertionError: No token in response&#10;assert 'token' in {'access_token': 'eyJhbGciOiJIUzI1NiIsInR5cCI6IkpXVCJ9.eyJ1c2VyX2lkIjoiYzUwOGNiYWYtZTgyNy00OWIyLWI2NmUtODEyNDgwMzkyY2FmIiwicm9sZSI6InN1cGVyYWRtaW4iLCJleHAiOjE3NzA3Mjg5NTd9.WLwNz3Hcqi8qyasqs3ImnvvS8-7rvFWX3lDiKhQ7ITI', 'token_type': 'bearer', 'user': {'created_at': '2026-01-22T16:01:57.462269+00:00', 'email': 'admin@paramedic-care018.rs', 'full_name': 'Super Administrator', 'id': 'c508cbaf-e827-49b2-b66e-812480392caf', ...}}&quot;">tests/test_medical_routes_and_decisions.py:37: in superadmin_token
    assert "token" in data, "No token in response"
E   AssertionError: No token in response
E   assert 'token' in {'access_token': 'eyJhbGciOiJIUzI1NiIsInR5cCI6IkpXVCJ9.eyJ1c2VyX2lkIjoiYzUwOGNiYWYtZTgyNy00OWIyLWI2NmUtODEyNDgwMzkyY2FmIiwicm9sZSI6InN1cGVyYWRtaW4iLCJleHAiOjE3NzA3Mjg5NTd9.WLwNz3Hcqi8qyasqs3ImnvvS8-7rvFWX3lDiKhQ7ITI', 'token_type': 'bearer', 'user': {'created_at': '2026-01-22T16:01:57.462269+00:00', 'email': 'admin@paramedic-care018.rs', 'full_name': 'Super Administrator', 'id': 'c508cbaf-e827-49b2-b66e-812480392caf', ...}}</error></testcase><testcase classname="tests.test_medical_routes_and_decisions.TestMedicalPatients" name="test_patients_list_requires_auth" time="0.045" /><testcase classname="tests.test_medical_routes_and_decisions.TestMedicalPatients" name="test_patients_list" time="0.271"><error message="failed on setup with &quot;AssertionError: No token in response&#10;assert 'token' in {'access_token': 'eyJhbGciOiJIUzI1NiIsInR5cCI6IkpXVCJ9.eyJ1c2VyX2lkIjoiYzUwOGNiYWYtZTgyNy00OWIyLWI2NmUtODEyNDgwMzkyY2FmIiwicm9sZSI6InN1cGVyYWRtaW4iLCJleHAiOjE3NzA3Mjg5NTd9.WLwNz3Hcqi8qyasqs3ImnvvS8-7rvFWX3lDiKhQ7ITI', 'token_type': 'bearer', 'user': {'created_at': '2026-01-22T16:01:57.462269+00:00', 'email': 'admin@paramedic-care018.rs', 'full_name': 'Super Administrator', 'id': 'c508cbaf-e827-49b2-b66e-812480392caf', ...}}&quot;">tests/test_medical_routes_and_decisions.py:37: in superadmin_token
    assert "token" in data, "No token in response"
E   AssertionError: No token in response
E   assert 'token' in {'access_token': 'eyJhbGciOiJIUzI1NiIsInR5cCI6IkpXVCJ9.eyJ1c2VyX2lkIjoiYzUwOGNiYWYtZTgyNy00OWIyLWI2NmUtODEyNDgwMzkyY2FmIiwicm9sZSI6InN1cGVyYWRtaW4iLCJleHAiOjE3NzA3Mjg5NTd9.WLwNz3Hcqi8qyasqs3ImnvvS8-7rvFWX3lDiKhQ7ITI', 'token_type': 'bearer', 'user': {'created_at': '2026-01-22T16:01:57.462269+00:00', 'email': 'admin@paramedic-care018.rs', 'full_name': 'Super Administrator', 'id': 'c508cbaf-e827-49b2-b66e-812480392caf', ...}}</error></testcase><testcase classname="tests.test_medical_routes_and_decisions.TestMedicalPatients" name="test_get_patient_by_id" time="0.000"><error message="failed on setup with &quot;AssertionError: No token in response&#10;assert 'token' in {'access_token': 'eyJhbGciOiJIUzI1NiIsInR5cCI6IkpXVCJ9.eyJ1c2VyX2lkIjoiYzUwOGNiYWYtZTgyNy00OWIyLWI2NmUtODEyNDgwMzkyY2FmIiwicm9sZSI6InN1cGVyYWRtaW4iLCJleHAiOjE3NzA3Mjg5NTd9.WLwNz3Hcqi8qyasqs3ImnvvS8-7rvFWX3lDiKhQ7ITI', 'token_type': 'bearer', 'user': {'created_at': '2026-01-22T16:01:57.462269+00:00', 'email': 'admin@paramedic-care018.rs', 'full_name': 'Super Administrator', 'id': 'c508cbaf-e827-49b2-b66e-812480392caf', ...}}&quot;">tests/test_medical_routes_and_decisions.py:37: in superadmin_token
    assert "token" in data, "No token in response"
E   AssertionError: No token in response
E   assert 'token' in {'access_token': 'eyJhbGciOiJIUzI1NiIsInR5cCI6IkpXVCJ9.eyJ1c2VyX2lkIjoiYzUwOGNiYWYtZTgyNy00OWIyLWI2NmUtODEyNDgwMzkyY2FmIiwicm9sZSI6InN1cGVyYWRtaW4iLCJleHAiOjE3NzA3Mjg5NTd9.WLwNz3Hcqi8qyasqs3ImnvvS8-7rvFWX3lDiKhQ7ITI', 'token_type': 'bearer', 'user': {'created_at': '2026-01-22T16:01:57.462269+00:00', 'email': 'admin@paramedic-care018.rs', 'full_name': 'Super Administrator', 'id': 'c508cbaf-e827-49b2-b66e-812480392caf', ...}}</error></testcase><testcase classname="tests.test_medical_routes_and_decisions.TestMedicalPatients" name="test_update_patient" time="0.000"><error message="failed on setup with &quot;AssertionError: No token in response&#10;assert 'token' in {'access_token': 'eyJhbGciOiJIUzI1NiIsInR5cCI6IkpXVCJ9.eyJ1c2VyX2lkIjoiYzUwOGNiYWYtZTgyNy00OWIyLWI2NmUtODEyNDgwMzkyY2FmIiwicm9sZSI6InN1cGVyYWRtaW4iLCJleHAiOjE3NzA3Mjg5NTd9.WLwNz3Hcqi8qyasqs3ImnvvS8-7rvFWX3lDiKhQ7ITI', 'token_type': 'bearer', 'user': {'created_at': '2026-01-22T16:01:57.462269+00:00', 'email': 'admin@paramedic-care018.rs', 'full_name': 'Super Administrator', 'id': 'c508cbaf-e827-49b2-b66e-812480392caf', ...}}&quot;">tests/test_medical_routes_and_decisions.py:37: in superadmin_token
    assert "token" in data, "No token in response"
E   AssertionError: No token in response
E   assert 'token' in {'access_token': 'eyJhbGciOiJIUzI1NiIsInR5cCI6IkpXVCJ9.eyJ1c2VyX2lkIjoiYzUwOGNiYWYtZTgyNy00OWIyLWI2NmUtODEyNDgwMzkyY2FmIiwicm9sZSI6InN1cGVyYWRtaW4iLCJleHAiOjE3NzA3Mjg5NTd9.WLwNz3Hcqi8qyasqs3ImnvvS8-7rvFWX3lDiKhQ7ITI', 'token_type': 'bearer', 'user': {'created_at': '2026-01-22T16:01:57.462269+00:00', 'email': 'admin@paramedic-care018.rs', 'full_name': 'Super Administrator', 'id': 'c508cbaf-e827-49b2-b66e-812480392caf', ...}}</error></testcase><testcase classname="tests.test_medical_routes_and_decisions.TestMedicalPatients" name="test_patient_not_found" time="0.000"><error message="failed on setup with &quot;AssertionError: No token in response&#10;assert 'token' in {'access_token': 'eyJhbGciOiJIUzI1NiIsInR5cCI6IkpXVCJ9.eyJ1c2VyX2lkIjoiYzUwOGNiYWYtZTgyNy00OWIyLWI2NmUtODEyNDgwMzkyY2FmIiwicm9sZSI6InN1cGVyYWRtaW4iLCJleHAiOjE3NzA3Mjg5NTd9.WLwNz3Hcqi8qyasqs3ImnvvS8-7rvFWX3lDiKhQ7ITI', 'token_type': 'bearer', 'user': {'created_at': '2026-01-22T16:01:57.462269+00:00', 'email': 'admin@paramedic-care018.rs', 'full_name': 'Super Administrator', 'id': 'c508cbaf-e827-49b2-b66e-812480392caf', ...}}&quot;">tests/test_medical_routes_and_decisions.py:37: in superadmin_token
    assert "token" in data, "No token in response"
E   AssertionError: No token in response
E   assert 'token' in {'access_token': 'eyJhbGciOiJIUzI1NiIsInR5cCI6IkpXVCJ9.eyJ1c2VyX2lkIjoiYzUwOGNiYWYtZTgyNy00OWIyLWI2NmUtODEyNDgwMzkyY2FmIiwicm9sZSI6InN1cGVyYWRtaW4iLCJleHAiOjE3NzA3Mjg5NTd9.WLwNz3Hcqi8qyasqs3ImnvvS8-7rvFWX3lDiKhQ7ITI', 'token_type': 'bearer', 'user': {'created_at': '2026-01-22T16:01:57.462269+00:00', 'email': 'admin@paramedic-care018.rs', 'full_name': 'Super Administrator', 'id': 'c508cbaf-e827-49b2-b66e-812480392caf', ...}}</error></testcase><testcase classname="tests.test_medical_routes_and_decisions.TestVitalSigns" name="test_record_vitals" time="0.271"><error message="failed on setup with &quot;AssertionError: No token in response&#10;assert 'token' in {'access_token': 'eyJhbGciOiJIUzI1NiIsInR5cCI6IkpXVCJ9.eyJ1c2VyX2lkIjoiYzUwOGNiYWYtZTgyNy00OWIyLWI2NmUtODEyNDgwMzkyY2FmIiwicm9sZSI6InN1cGVyYWRtaW4iLCJleHAiOjE3NzA3Mjg5NTd9.WLwNz3Hcqi8qyasqs3ImnvvS8-7rvFWX3lDiKhQ7ITI', 'token_type': 'bearer', 'user': {'created_at': '2026-01-22T16:01:57.462269+00:00', 'email': 'admin@paramedic-care018.rs', 'full_name': 'Super Administrator', 'id': 'c508cbaf-e827-49b2-b66e-812480392caf', ...}}&quot;">tests/test_medical_routes_and_decisions.py:37: in superadmin_token
    assert "token" in data, "No token in response"
E   AssertionError: No token in response
E   assert 'token' in {'access_token': 'eyJhbGciOiJIUzI1NiIsInR5cCI6IkpXVCJ9.eyJ1c2VyX2lkIjoiYzUwOGNiYWYtZTgyNy00OWIyLWI2NmUtODEyNDgwMzkyY2FmIiwicm9sZSI6InN1cGVyYWRtaW4iLCJleHAiOjE3NzA3Mjg5NTd9.WLwNz3Hcqi8qyasqs3ImnvvS8-7rvFWX3lDiKhQ7ITI', 'token_type': 'bearer', 'user': {'created_at': '2026-01-22T16:01:57.462269+00:00', 'email': 'admin@paramedic-care018.rs', 'full_name': 'Super Administrator', 'id': 'c508cbaf-e827-49b2-b66e-812480392caf', ...}}</error></testcase><testcase classname="tests.test_medical_routes_and_decisions.TestVitalSigns" name="test_record_abnormal_vitals" time="0.000"><error message="failed on setup with &quot;AssertionError: No token in response&#10;assert 'token' in {'access_token': 'eyJhbGciOiJIUzI1NiIsInR5cCI6IkpXVCJ9.eyJ1c2VyX2lkIjoiYzUwOGNiYWYtZTgyNy00OWIyLWI2NmUtODEyNDgwMzkyY2FmIiwicm9sZSI6InN1cGVyYWRtaW4iLCJleHAiOjE3NzA3Mjg5NTd9.WLwNz3Hcqi8qyasqs3ImnvvS8-7rvFWX3lDiKhQ7ITI', 'token_type': 'bearer', 'user': {'created_at': '2026-01-22T16:01:57.462269+00:00', 'email': 'admin@paramedic-care018.rs', 'full_name': 'Super Administrator', 'id': 'c508cbaf-e827-49b2-b66e-812480392caf', ...}}&quot;">tests/test_medical_routes_and_decisions.py:37: in superadmin_token
    assert "token" in data, "No token in response"
E   AssertionError: No token in response
E   assert 'token' in {'access_token': 'eyJhbGciOiJIUzI1NiIsInR5cCI6IkpXVCJ9.eyJ1c2VyX2lkIjoiYzUwOGNiYWYtZTgyNy00OWIyLWI2NmUtODEyNDgwMzkyY2FmIiwicm9sZSI6InN1cGVyYWRtaW4iLCJleHAiOjE3NzA3Mjg5NTd9.WLwNz3Hcqi8qyasqs3ImnvvS8-7rvFWX3lDiKhQ7ITI', 'token_type': 'bearer', 'user': {'created_at': '2026-01-22T16:01:57.462269+00:00', 'email': 'admin@paramedic-care018.rs', 'full_name': 'Super Administrator', 'id': 'c508cbaf-e827-49b2-b66e-812480392caf', ...}}</error></testcase><testcase classname="tests.test_medical_routes_and_decisions.TestVitalSigns" name="test_get_patient_vitals" time="0.001"><error message="failed on setup with &quot;AssertionError: No token in response&#10;assert 'token' in {'access_token': 'eyJhbGciOiJIUzI1NiIsInR5cCI6IkpXVCJ9.eyJ1c2VyX2lkIjoiYzUwOGNiYWYtZTgyNy00OWIyLWI2NmUtODEyNDgwMzkyY2FmIiwicm9sZSI6InN1cGVyYWRtaW4iLCJleHAiOjE3NzA3Mjg5NTd9.WLwNz3Hcqi8qyasqs3ImnvvS8-7rvFWX3lDiKhQ7ITI', 'token_type': 'bearer', 'user': {'created_at': '2026-01-22T16:01:57.462269+00:00', 'email': 'admin@paramedic-care018.rs', 'full_name': 'Super Administrator', 'id': 'c508cbaf-e827-49b2-b66e-812480392caf', ...}}&quot;">tests/test_medical_routes_and_decisions.py:37: in superadmin_token
    assert "token" in data, "No token in response"
E   AssertionError: No token in response
E   assert 'token' in {'access_token': 'eyJhbGciOiJIUzI1NiIsInR5cCI6IkpXVCJ9.eyJ1c2VyX2lkIjoiYzUwOGNiYWYtZTgyNy00OWIyLWI2NmUtODEyNDgwMzkyY2FmIiwicm9sZSI6InN1cGVyYWRtaW4iLCJleHAiOjE3NzA3Mjg5NTd9.WLwNz3Hcqi8qyasqs3ImnvvS8-7rvFWX3lDiKhQ7ITI', 'token_type': 'bearer', 'user': {'created_at': '2026-01-22T16:01:57.462269+00:00', 'email': 'admin@paramedic-care018.rs', 'full_name': 'Super Administrator', 'id': 'c508cbaf-e827-49b2-b66e-812480392caf', ...}}</error></testcase><testcase classname="tests.test_medical_routes_and_decisions.TestVitalSigns" name="test_get_latest_vitals" time="0.000"><error message="failed on setup with &quot;AssertionError: No token in response&#10;assert 'token' in {'access_token': 'eyJhbGciOiJIUzI1NiIsInR5cCI6IkpXVCJ9.eyJ1c2VyX2lkIjoiYzUwOGNiYWYtZTgyNy00OWIyLWI2NmUtODEyNDgwMzkyY2FmIiwicm9sZSI6InN1cGVyYWRtaW4iLCJleHAiOjE3NzA3Mjg5NTd9.WLwNz3Hcqi8qyasqs3ImnvvS8-7rvFWX3lDiKhQ7ITI', 'token_type': 'bearer', 'user': {'created_at': '2026-01-22T16:01:57.462269+00:00', 'email': 'admin@paramedic-care018.rs', 'full_name': 'Super Administrator', 'id': 'c508cbaf-e827-49b2-b66e-812480392caf', ...}}&quot;">tests/test_medical_routes_and_decisions.py:37: in superadmin_token
    assert "token" in data, "No token in response"
E   AssertionError: No token in response
E   assert 'token' in {'access_token': 'eyJhbGciOiJIUzI1NiIsInR5cCI6IkpXVCJ9.eyJ1c2VyX2lkIjoiYzUwOGNiYWYtZTgyNy00OWIyLWI2NmUtODEyNDgwMzkyY2FmIiwicm9sZSI6InN1cGVyYWRtaW4iLCJleHAiOjE3NzA3Mjg5NTd9.WLwNz3Hcqi8qyasqs3ImnvvS8-7rvFWX3lDiKhQ7ITI', 'token_type': 'bearer', 'user': {'created_at': '2026-01-22T16:01:57.462269+00:00', 'email': 'admin@paramedic-care018.rs', 'full_name': 'Super Administrator', 'id': 'c508cbaf-e827-49b2-b66e-812480392caf', ...}}</error></testcase><testcase classname="tests.test_medical_routes_and_decisions.TestDoctorDecisionPanel" name="test_create_decision_requires_auth" time="0.042" /><testcase classname="tests.test_medical_routes_and_decisions.TestDoctorDecisionPanel" name="test_create_instruction_decision" time="0.266"><error message="failed on setup with &quot;AssertionError: No token in response&#10;assert 'token' in {'access_token': 'eyJhbGciOiJIUzI1NiIsInR5cCI6IkpXVCJ9.eyJ1c2VyX2lkIjoiYzUwOGNiYWYtZTgyNy00OWIyLWI2NmUtODEyNDgwMzkyY2FmIiwicm9sZSI6InN1cGVyYWRtaW4iLCJleHAiOjE3NzA3Mjg5NTh9.KoYI_8o6fTPH0OqcJSqsBCeBnEK1diEOf20bCkoVg18', 'token_type': 'bearer', 'user': {'created_at': '2026-01-22T16:01:57.462269+00:00', 'email': 'admin@paramedic-care018.rs', 'full_name': 'Super Administrator', 'id': 'c508cbaf-e827-49b2-b66e-812480392caf', ...}}&quot;">tests/test_medical_routes_and_decisions.py:37: in superadmin_token
    assert "token" in data, "No token in response"
E   AssertionError: No token in response
E   assert 'token' in {'access_token': 'eyJhbGciOiJIUzI1NiIsInR5cCI6IkpXVCJ9.eyJ1c2VyX2lkIjoiYzUwOGNiYWYtZTgyNy00OWIyLWI2NmUtODEyNDgwMzkyY2FmIiwicm9sZSI6InN1cGVyYWRtaW4iLCJleHAiOjE3NzA3Mjg5NTh9.KoYI_8o6fTPH0OqcJSqsBCeBnEK1diEOf20bCkoVg18', 'token_type': 'bearer', 'user': {'created_at': '2026-01-22T16:01:57.462269+00:00', 'email': 'admin@paramedic-care018.rs', 'full_name': 'Super Administrator', 'id': 'c508cbaf-e827-49b2-b66e-812480392caf', ...}}</error></testcase><testcase classname="tests.test_medical_routes_and_decisions.TestDoctorDecisionPanel" name="test_create_medication_order_decision" time="0.000"><error message="failed on setup with &quot;AssertionError: No token in response&#10;assert 'token' in {'access_token': 'eyJhbGciOiJIUzI1NiIsInR5cCI6IkpXVCJ9.eyJ1c2VyX2lkIjoiYzUwOGNiYWYtZTgyNy00OWIyLWI2NmUtODEyNDgwMzkyY2FmIiwicm9sZSI6InN1cGVyYWRtaW4iLCJleHAiOjE3NzA3Mjg5NTh9.KoYI_8o6fTPH0OqcJSqsBCeBnEK1diEOf20bCkoVg18', 'token_type': 'bearer', 'user': {'created_at': '2026-01-22T16:01:57.462269+00:00', 'email': 'admin@paramedic-care018.rs', 'full_name': 'Super Administrator', 'id': 'c508cbaf-e827-49b2-b66e-812480392caf', ...}}&quot;">tests/test_medical_routes_and_decisions.py:37: in superadmin_token
    assert "token" in data, "No token in response"
E   AssertionError: No token in response
E   assert 'token' in {'access_token': 'eyJhbGciOiJIUzI1NiIsInR5cCI6IkpXVCJ9.eyJ1c2VyX2lkIjoiYzUwOGNiYWYtZTgyNy00OWIyLWI2NmUtODEyNDgwMzkyY2FmIiwicm9sZSI6InN1cGVyYWRtaW4iLCJleHAiOjE3NzA3Mjg5NTh9.KoYI_8o6fTPH0OqcJSqsBCeBnEK1diEOf20bCkoVg18', 'token_type': 'bearer', 'user': {'created_at': '2026-01-22T16:01:57.462269+00:00', 'email': 'admin@paramedic-care018.rs', 'full_name': 'Super Administrator', 'id': 'c508cbaf-e827-49b2-b66e-812480392caf', ...}}</error></testcase><testcase classname="tests.test_medical_routes_and_decisions.TestDoctorDecisionPanel" name="test_create_alert_decision" time="0.000"><error message="failed on setup with &quot;AssertionError: No token in response&#10;assert 'token' in {'access_token': 'eyJhbGciOiJIUzI1NiIsInR5cCI6IkpXVCJ9.eyJ1c2VyX2lkIjoiYzUwOGNiYWYtZTgyNy00OWIyLWI2NmUtODEyNDgwMzkyY2FmIiwicm9sZSI6InN1cGVyYWRtaW4iLCJleHAiOjE3NzA3Mjg5NTh9.KoYI_8o6fTPH0OqcJSqsBCeBnEK1diEOf20bCkoVg18', 'token_type': 'bearer', 'user': {'created_at': '2026-01-22T16:01:57.462269+00:00', 'email': 'admin@paramedic-care018.rs', 'full_name': 'Super Administrator', 'id': 'c508cbaf-e827-49b2-b66e-812480392caf', ...}}&quot;">tests/test_medical_routes_and_decisions.py:37: in superadmin_token
    assert "token" in data, "No token in response"
E   AssertionError: No token in response
E   assert 'token' in {'access_token': 'eyJhbGciOiJIUzI1NiIsInR5cCI6IkpXVCJ9.eyJ1c2VyX2lkIjoiYzUwOGNiYWYtZTgyNy00OWIyLWI2NmUtODEyNDgwMzkyY2FmIiwicm9sZSI6InN1cGVyYWRtaW4iLCJleHAiOjE3NzA3Mjg5NTh9.KoYI_8o6fTPH0OqcJSqsBCeBnEK1diEOf20bCkoVg18', 'token_type': 'bearer', 'user': {'created_at': '2026-01-22T16:01:57.462269+00:00', 'email': 'admin@paramedic-care018.rs', 'full_name': 'Super Administrator', 'id': 'c508cbaf-e827-49b2-b66e-812480392caf', ...}}</error></testcase><testcase classname="tests.test_medical_routes_and_decisions.TestDoctorDecisionPanel" name="test_get_booking_decisions" time="0.000"><error message="failed on setup with &quot;AssertionError: No token in response&#10;assert 'token' in {'access_token': 'eyJhbGciOiJIUzI1NiIsInR5cCI6IkpXVCJ9.eyJ1c2VyX2lkIjoiYzUwOGNiYWYtZTgyNy00OWIyLWI2NmUtODEyNDgwMzkyY2FmIiwicm9sZSI6InN1cGVyYWRtaW4iLCJleHAiOjE3NzA3Mjg5NTh9.KoYI_8o6fTPH0OqcJSqsBCeBnEK1diEOf20bCkoVg18', 'token_type': 'bearer', 'user': {'created_at': '2026-01-22T16:01:57.462269+00:00', 'email': 'admin@paramedic-care018.rs', 'full_name': 'Super Administrator', 'id': 'c508cbaf-e827-49b2-b66e-812480392caf', ...}}&quot;">tests/test_medical_routes_and_decisions.py:37: in superadmin_token
    assert "token" in data, "No token in response"
E   AssertionError: No token in response
E   assert 'token' in {'access_token': 'eyJhbGciOiJIUzI1NiIsInR5cCI6IkpXVCJ9.eyJ1c2VyX2lkIjoiYzUwOGNiYWYtZTgyNy00OWIyLWI2NmUtODEyNDgwMzkyY2FmIiwicm9sZSI6InN1cGVyYWRtaW4iLCJleHAiOjE3NzA3Mjg5NTh9.KoYI_8o6fTPH0OqcJSqsBCeBnEK1diEOf20bCkoVg18', 'token_type': 'bearer', 'user': {'created_at': '2026-01-22T16:01:57.462269+00:00', 'email': 'admin@paramedic-care018.rs', 'full_name': 'Super Administrator', 'id': 'c508cbaf-e827-49b2-b66e-812480392caf', ...}}</error></testcase><testcase classname="tests.test_medical_routes_and_decisions.TestDoctorDecisionPanel" name="test_get_active_decisions" time="0.000"><error message="failed on setup with &quot;AssertionError: No token in response&#10;assert 'token' in {'access_token': 'eyJhbGciOiJIUzI1NiIsInR5cCI6IkpXVCJ9.eyJ1c2VyX2lkIjoiYzUwOGNiYWYtZTgyNy00OWIyLWI2NmUtODEyNDgwMzkyY2FmIiwicm9sZSI6InN1cGVyYWRtaW4iLCJleHAiOjE3NzA3Mjg5NTh9.KoYI_8o6fTPH0OqcJSqsBCeBnEK1diEOf20bCkoVg18', 'token_type': 'bearer', 'user': {'created_at': '2026-01-22T16:01:57.462269+00:00', 'email': 'admin@paramedic-care018.rs', 'full_name': 'Super Administrator', 'id': 'c508cbaf-e827-49b2-b66e-812480392caf', ...}}&quot;">tests/test_medical_routes_and_decisions.py:37: in superadmin_token
    assert "token" in data, "No token in response"
E   AssertionError: No token in response
E   assert 'token' in {'access_token': 'eyJhbGciOiJIUzI1NiIsInR5cCI6IkpXVCJ9.eyJ1c2VyX2lkIjoiYzUwOGNiYWYtZTgyNy00OWIyLWI2NmUtODEyNDgwMzkyY2FmIiwicm9sZSI6InN1cGVyYWRtaW4iLCJleHAiOjE3NzA3Mjg5NTh9.KoYI_8o6fTPH0OqcJSqsBCeBnEK1diEOf20bCkoVg18', 'token_type': 'bearer', 'user': {'created_at': '2026-01-22T16:01:57.462269+00:00', 'email': 'admin@paramedic-care018.rs', 'full_name': 'Super Administrator', 'id': 'c508cbaf-e827-49b2-b66e-812480392caf', ...}}</error></testcase><testcase classname="tests.test_medical_routes_and_decisions.TestDoctorDecisionPanel" name="test_acknowledge_decision" time="0.000"><error message="failed on setup with &quot;AssertionError: No token in response&#10;assert 'token' in {'access_token': 'eyJhbGciOiJIUzI1NiIsInR5cCI6IkpXVCJ9.eyJ1c2VyX2lkIjoiYzUwOGNiYWYtZTgyNy00OWIyLWI2NmUtODEyNDgwMzkyY2FmIiwicm9sZSI6InN1cGVyYWRtaW4iLCJleHAiOjE3NzA3Mjg5NTh9.KoYI_8o6fTPH0OqcJSqsBCeBnEK1diEOf20bCkoVg18', 'token_type': 'bearer', 'user': {'created_at': '2026-01-22T16:01:57.462269+00:00', 'email': 'admin@paramedic-care018.rs', 'full_name': 'Super Administrator', 'id': 'c508cbaf-e827-49b2-b66e-812480392caf', ...}}&quot;">tests/test_medical_routes_and_decisions.py:37: in superadmin_token
    assert "token" in data, "No token in response"
E   AssertionError: No token in response
E   assert 'token' in {'access_token': 'eyJhbGciOiJIUzI1NiIsInR5cCI6IkpXVCJ9.eyJ1c2VyX2lkIjoiYzUwOGNiYWYtZTgyNy00OWIyLWI2NmUtODEyNDgwMzkyY2FmIiwicm9sZSI6InN1cGVyYWRtaW4iLCJleHAiOjE3NzA3Mjg5NTh9.KoYI_8o6fTPH0OqcJSqsBCeBnEK1diEOf20bCkoVg18', 'token_type': 'bearer', 'user': {'created_at': '2026-01-22T16:01:57.462269+00:00', 'email': 'admin@paramedic-care018.rs', 'full_name': 'Super Administrator', 'id': 'c508cbaf-e827-49b2-b66e-812480392caf', ...}}</error></testcase><testcase classname="tests.test_medical_routes_and_decisions.TestDoctorDecisionPanel" name="test_acknowledge_decision_multiple_times" time="0.000"><error message="failed on setup with &quot;AssertionError: No token in response&#10;assert 'token' in {'access_token': 'eyJhbGciOiJIUzI1NiIsInR5cCI6IkpXVCJ9.eyJ1c2VyX2lkIjoiYzUwOGNiYWYtZTgyNy00OWIyLWI2NmUtODEyNDgwMzkyY2FmIiwicm9sZSI6InN1cGVyYWRtaW4iLCJleHAiOjE3NzA3Mjg5NTh9.KoYI_8o6fTPH0OqcJSqsBCeBnEK1diEOf20bCkoVg18', 'token_type': 'bearer', 'user': {'created_at': '2026-01-22T16:01:57.462269+00:00', 'email': 'admin@paramedic-care018.rs', 'full_name': 'Super Administrator', 'id': 'c508cbaf-e827-49b2-b66e-812480392caf', ...}}&quot;">tests/test_medical_routes_and_decisions.py:37: in superadmin_token
    assert "token" in data, "No token in response"
E   AssertionError: No token in response
E   assert 'token' in {'access_token': 'eyJhbGciOiJIUzI1NiIsInR5cCI6IkpXVCJ9.eyJ1c2VyX2lkIjoiYzUwOGNiYWYtZTgyNy00OWIyLWI2NmUtODEyNDgwMzkyY2FmIiwicm9sZSI6InN1cGVyYWRtaW4iLCJleHAiOjE3NzA3Mjg5NTh9.KoYI_8o6fTPH0OqcJSqsBCeBnEK1diEOf20bCkoVg18', 'token_type': 'bearer', 'user': {'created_at': '2026-01-22T16:01:57.462269+00:00', 'email': 'admin@paramedic-care018.rs', 'full_name': 'Super Administrator', 'id': 'c508cbaf-e827-49b2-b66e-812480392caf', ...}}</error></testcase><testcase classname="tests.test_medical_routes_and_decisions.TestDoctorDecisionPanel" name="test_execute_decision" time="0.000"><error message="failed on setup with &quot;AssertionError: No token in response&#10;assert 'token' in {'access_token': 'eyJhbGciOiJIUzI1NiIsInR5cCI6IkpXVCJ9.eyJ1c2VyX2lkIjoiYzUwOGNiYWYtZTgyNy00OWIyLWI2NmUtODEyNDgwMzkyY2FmIiwicm9sZSI6InN1cGVyYWRtaW4iLCJleHAiOjE3NzA3Mjg5NTh9.KoYI_8o6fTPH0OqcJSqsBCeBnEK1diEOf20bCkoVg18', 'token_type': 'bearer', 'user': {'created_at': '2026-01-22T16:01:57.462269+00:00', 'email': 'admin@paramedic-care018.rs', 'full_name': 'Super Administrator', 'id': 'c508cbaf-e827-49b2-b66e-812480392caf', ...}}&quot;">tests/test_medical_routes_and_decisions.py:37: in superadmin_token
    assert "token" in data, "No token in response"
E   AssertionError: No token in response
E   assert 'token' in {'access_token': 'eyJhbGciOiJIUzI1NiIsInR5cCI6IkpXVCJ9.eyJ1c2VyX2lkIjoiYzUwOGNiYWYtZTgyNy00OWIyLWI2NmUtODEyNDgwMzkyY2FmIiwicm9sZSI6InN1cGVyYWRtaW4iLCJleHAiOjE3NzA3Mjg5NTh9.KoYI_8o6fTPH0OqcJSqsBCeBnEK1diEOf20bCkoVg18', 'token_type': 'bearer', 'user': {'created_at': '2026-01-22T16:01:57.462269+00:00', 'email': 'admin@paramedic-care018.rs', 'full_name': 'Super Administrator', 'id': 'c508cbaf-e827-49b2-b66e-812480392caf', ...}}</error></testcase><testcase classname="tests.test_medical_routes_and_decisions.TestDoctorDecisionPanel" name="test_cancel_decision" time="0.000"><error message="failed on setup with &quot;AssertionError: No token in response&#10;assert 'token' in {'access_token': 'eyJhbGciOiJIUzI1NiIsInR5cCI6IkpXVCJ9.eyJ1c2VyX2lkIjoiYzUwOGNiYWYtZTgyNy00OWIyLWI2NmUtODEyNDgwMzkyY2FmIiwicm9sZSI6InN1cGVyYWRtaW4iLCJleHAiOjE3NzA3Mjg5NTh9.KoYI_8o6fTPH0OqcJSqsBCeBnEK1diEOf20bCkoVg18', 'token_type': 'bearer', 'user': {'created_at': '2026-01-22T16:01:57.462269+00:00', 'email': 'admin@paramedic-care018.rs', 'full_name': 'Super Administrator', 'id': 'c508cbaf-e827-49b2-b66e-812480392caf', ...}}&quot;">tests/test_medical_routes_and_decisions.py:37: in superadmin_token
    assert "token" in data, "No token in response"
E   AssertionError: No token in response
E   assert 'token' in {'access_token': 'eyJhbGciOiJIUzI1NiIsInR5cCI6IkpXVCJ9.eyJ1c2VyX2lkIjoiYzUwOGNiYWYtZTgyNy00OWIyLWI2NmUtODEyNDgwMzkyY2FmIiwicm9sZSI6InN1cGVyYWRtaW4iLCJleHAiOjE3NzA3Mjg5NTh9.KoYI_8o6fTPH0OqcJSqsBCeBnEK1diEOf20bCkoVg18', 'token_type': 'bearer', 'user': {'created_at': '2026-01-22T16:01:57.462269+00:00', 'email': 'admin@paramedic-care018.rs', 'full_name': 'Super Administrator', 'id': 'c508cbaf-e827-49b2-b66e-812480392caf', ...}}</error></testcase><testcase classname="tests.test_medical_routes_and_decisions.TestDoctorDecisionPanel" name="test_decision_not_found" time="0.000"><error message="failed on setup with &quot;AssertionError: No token in response&#10;assert 'token' in {'access_token': 'eyJhbGciOiJIUzI1NiIsInR5cCI6IkpXVCJ9.eyJ1c2VyX2lkIjoiYzUwOGNiYWYtZTgyNy00OWIyLWI2NmUtODEyNDgwMzkyY2FmIiwicm9sZSI6InN1cGVyYWRtaW4iLCJleHAiOjE3NzA3Mjg5NTh9.KoYI_8o6fTPH0OqcJSqsBCeBnEK1diEOf20bCkoVg18', 'token_type': 'bearer', 'user': {'created_at': '2026-01-22T16:01:57.462269+00:00', 'email': 'admin@paramedic-care018.rs', 'full_name': 'Super Administrator', 'id': 'c508cbaf-e827-49b2-b66e-812480392caf', ...}}&quot;">tests/test_medical_routes_and_decisions.py:37: in superadmin_token
    assert "token" in data, "No token in response"
E   AssertionError: No token in response
E   assert 'token' in {'access_token': 'eyJhbGciOiJIUzI1NiIsInR5cCI6IkpXVCJ9.eyJ1c2VyX2lkIjoiYzUwOGNiYWYtZTgyNy00OWIyLWI2NmUtODEyNDgwMzkyY2FmIiwicm9sZSI6InN1cGVyYWRtaW4iLCJleHAiOjE3NzA3Mjg5NTh9.KoYI_8o6fTPH0OqcJSqsBCeBnEK1diEOf20bCkoVg18', 'token_type': 'bearer', 'user': {'created_at': '2026-01-22T16:01:57.462269+00:00', 'email': 'admin@paramedic-care018.rs', 'full_name': 'Super Administrator', 'id': 'c508cbaf-e827-49b2-b66e-812480392caf', ...}}</error></testcase><testcase classname="tests.test_medical_routes_and_decisions.TestMedicalChecks" name="test_create_medical_check" time="0.261"><error message="failed on setup with &quot;AssertionError: No token in response&#10;assert 'token' in {'access_token': 'eyJhbGciOiJIUzI1NiIsInR5cCI6IkpXVCJ9.eyJ1c2VyX2lkIjoiYzUwOGNiYWYtZTgyNy00OWIyLWI2NmUtODEyNDgwMzkyY2FmIiwicm9sZSI6InN1cGVyYWRtaW4iLCJleHAiOjE3NzA3Mjg5NTh9.KoYI_8o6fTPH0OqcJSqsBCeBnEK1diEOf20bCkoVg18', 'token_type': 'bearer', 'user': {'created_at': '2026-01-22T16:01:57.462269+00:00', 'email': 'admin@paramedic-care018.rs', 'full_name': 'Super Administrator', 'id': 'c508cbaf-e827-49b2-b66e-812480392caf', ...}}&quot;">tests/test_medical_routes_and_decisions.py:37: in superadmin_token
    assert "token" in data, "No token in response"
E   AssertionError: No token in response
E   assert 'token' in {'access_token': 'eyJhbGciOiJIUzI1NiIsInR5cCI6IkpXVCJ9.eyJ1c2VyX2lkIjoiYzUwOGNiYWYtZTgyNy00OWIyLWI2NmUtODEyNDgwMzkyY2FmIiwicm9sZSI6InN1cGVyYWRtaW4iLCJleHAiOjE3NzA3Mjg5NTh9.KoYI_8o6fTPH0OqcJSqsBCeBnEK1diEOf20bCkoVg18', 'token_type': 'bearer', 'user': {'created_at': '2026-01-22T16:01:57.462269+00:00', 'email': 'admin@paramedic-care018.rs', 'full_name': 'Super Administrator', 'id': 'c508cbaf-e827-49b2-b66e-812480392caf', ...}}</error></testcase><testcase classname="tests.test_medical_routes_and_decisions.TestMedicalChecks" name="test_get_patient_checks" time="0.000"><error message="failed on setup with &quot;AssertionError: No token in response&#10;assert 'token' in {'access_token': 'eyJhbGciOiJIUzI1NiIsInR5cCI6IkpXVCJ9.eyJ1c2VyX2lkIjoiYzUwOGNiYWYtZTgyNy00OWIyLWI2NmUtODEyNDgwMzkyY2FmIiwicm9sZSI6InN1cGVyYWRtaW4iLCJleHAiOjE3NzA3Mjg5NTh9.KoYI_8o6fTPH0OqcJSqsBCeBnEK1diEOf20bCkoVg18', 'token_type': 'bearer', 'user': {'created_at': '2026-01-22T16:01:57.462269+00:00', 'email': 'admin@paramedic-care018.rs', 'full_name': 'Super Administrator', 'id': 'c508cbaf-e827-49b2-b66e-812480392caf', ...}}&quot;">tests/test_medical_routes_and_decisions.py:37: in superadmin_token
    assert "token" in data, "No token in response"
E   AssertionError: No token in response
E   assert 'token' in {'access_token': 'eyJhbGciOiJIUzI1NiIsInR5cCI6IkpXVCJ9.eyJ1c2VyX2lkIjoiYzUwOGNiYWYtZTgyNy00OWIyLWI2NmUtODEyNDgwMzkyY2FmIiwicm9sZSI6InN1cGVyYWRtaW4iLCJleHAiOjE3NzA3Mjg5NTh9.KoYI_8o6fTPH0OqcJSqsBCeBnEK1diEOf20bCkoVg18', 'token_type': 'bearer', 'user': {'created_at': '2026-01-22T16:01:57.462269+00:00', 'email': 'admin@paramedic-care018.rs', 'full_name': 'Super Administrator', 'id': 'c508cbaf-e827-49b2-b66e-812480392caf', ...}}</error></testcase><testcase classname="tests.test_medical_routes_and_decisions.TestMedications" name="test_add_medication" time="0.265"><error message="failed on setup with &quot;AssertionError: No token in response&#10;assert 'token' in {'access_token': 'eyJhbGciOiJIUzI1NiIsInR5cCI6IkpXVCJ9.eyJ1c2VyX2lkIjoiYzUwOGNiYWYtZTgyNy00OWIyLWI2NmUtODEyNDgwMzkyY2FmIiwicm9sZSI6InN1cGVyYWRtaW4iLCJleHAiOjE3NzA3Mjg5NTh9.KoYI_8o6fTPH0OqcJSqsBCeBnEK1diEOf20bCkoVg18', 'token_type': 'bearer', 'user': {'created_at': '2026-01-22T16:01:57.462269+00:00', 'email': 'admin@paramedic-care018.rs', 'full_name': 'Super Administrator', 'id': 'c508cbaf-e827-49b2-b66e-812480392caf', ...}}&quot;">tests/test_medical_routes_and_decisions.py:37: in superadmin_token
    assert "token" in data, "No token in response"
E   AssertionError: No token in response
E   assert 'token' in {'access_token': 'eyJhbGciOiJIUzI1NiIsInR5cCI6IkpXVCJ9.eyJ1c2VyX2lkIjoiYzUwOGNiYWYtZTgyNy00OWIyLWI2NmUtODEyNDgwMzkyY2FmIiwicm9sZSI6InN1cGVyYWRtaW4iLCJleHAiOjE3NzA3Mjg5NTh9.KoYI_8o6fTPH0OqcJSqsBCeBnEK1diEOf20bCkoVg18', 'token_type': 'bearer', 'user': {'created_at': '2026-01-22T16:01:57.462269+00:00', 'email': 'admin@paramedic-care018.rs', 'full_name': 'Super Administrator', 'id': 'c508cbaf-e827-49b2-b66e-812480392caf', ...}}</error></testcase><testcase classname="tests.test_medical_routes_and_decisions.TestMedications" name="test_get_patient_medications" time="0.000"><error message="failed on setup with &quot;AssertionError: No token in response&#10;assert 'token' in {'access_token': 'eyJhbGciOiJIUzI1NiIsInR5cCI6IkpXVCJ9.eyJ1c2VyX2lkIjoiYzUwOGNiYWYtZTgyNy00OWIyLWI2NmUtODEyNDgwMzkyY2FmIiwicm9sZSI6InN1cGVyYWRtaW4iLCJleHAiOjE3NzA3Mjg5NTh9.KoYI_8o6fTPH0OqcJSqsBCeBnEK1diEOf20bCkoVg18', 'token_type': 'bearer', 'user': {'created_at': '2026-01-22T16:01:57.462269+00:00', 'email': 'admin@paramedic-care018.rs', 'full_name': 'Super Administrator', 'id': 'c508cbaf-e827-49b2-b66e-812480392caf', ...}}&quot;">tests/test_medical_routes_and_decisions.py:37: in superadmin_token
    assert "token" in data, "No token in response"
E   AssertionError: No token in response
E   assert 'token' in {'access_token': 'eyJhbGciOiJIUzI1NiIsInR5cCI6IkpXVCJ9.eyJ1c2VyX2lkIjoiYzUwOGNiYWYtZTgyNy00OWIyLWI2NmUtODEyNDgwMzkyY2FmIiwicm9sZSI6InN1cGVyYWRtaW4iLCJleHAiOjE3NzA3Mjg5NTh9.KoYI_8o6fTPH0OqcJSqsBCeBnEK1diEOf20bCkoVg18', 'token_type': 'bearer', 'user': {'created_at': '2026-01-22T16:01:57.462269+00:00', 'email': 'admin@paramedic-care018.rs', 'full_name': 'Super Administrator', 'id': 'c508cbaf-e827-49b2-b66e-812480392caf', ...}}</error></testcase></testsuite></testsuites>