<?xml version="1.0" encoding="utf-8"?><testsuites name="pytest tests"><testsuite name="pytest" errors="0" failures="0" skipped="0" tests="26" time="3.253" timestamp="2026-02-03T13:09:37.700902+00:00" hostname="agent-env-0fc14f84-235f-47b3-a40c-18cdb18a4ff1"><testcase classname="tests.test_medical_routes_and_decisions.TestMedicalDashboard" name="test_dashboard_requires_auth" time="0.064" /><testcase classname="tests.test_medical_routes_and_decisions.TestMedicalDashboard" name="test_dashboard_returns_data" time="0.312" /><testcase classname="tests.test_medical_routes_and_decisions.TestMedicalPatients" name="test_patients_list_requires_auth" time="0.040" /><testcase classname="tests.test_medical_routes_and_decisions.TestMedicalPatients" name="test_patients_list" time="0.339" /><testcase classname="tests.test_medical_routes_and_decisions.TestMedicalPatients" name="test_get_patient_by_id" time="0.096" /><testcase classname="tests.test_medical_routes_and_decisions.TestMedicalPatients" name="test_update_patient" time="0.045" /><testcase classname="tests.test_medical_routes_and_decisions.TestMedicalPatients" name="test_patient_not_found" time="0.037" /><testcase classname="tests.test_medical_routes_and_decisions.TestVitalSigns" name="test_record_vitals" time="0.345" /><testcase classname="tests.test_medical_routes_and_decisions.TestVitalSigns" name="test_record_abnormal_vitals" time="0.042" /><testcase classname="tests.test_medical_routes_and_decisions.TestVitalSigns" name="test_get_patient_vitals" time="0.040" /><testcase classname="tests.test_medical_routes_and_decisions.TestVitalSigns" name="test_get_latest_vitals" time="0.040" /><testcase classname="tests.test_medical_routes_and_decisions.TestDoctorDecisionPanel" name="test_create_decision_requires_auth" time="0.038" /><testcase classname="tests.test_medical_routes_and_decisions.TestDoctorDecisionPanel" name="test_create_instruction_decision" time="0.395" /><testcase classname="tests.test_medical_routes_and_decisions.TestDoctorDecisionPanel" name="test_create_medication_order_decision" time="0.039" /><testcase classname="tests.test_medical_routes_and_decisions.TestDoctorDecisionPanel" name="test_create_alert_decision" time="0.036" /><testcase classname="tests.test_medical_routes_and_decisions.TestDoctorDecisionPanel" name="test_get_booking_decisions" time="0.040" /><testcase classname="tests.test_medical_routes_and_decisions.TestDoctorDecisionPanel" name="test_get_active_decisions" time="0.038" /><testcase classname="tests.test_medical_routes_and_decisions.TestDoctorDecisionPanel" name="test_acknowledge_decision" time="0.076" /><testcase classname="tests.test_medical_routes_and_decisions.TestDoctorDecisionPanel" name="test_acknowledge_decision_multiple_times" time="0.039" /><testcase classname="tests.test_medical_routes_and_decisions.TestDoctorDecisionPanel" name="test_execute_decision" time="0.039" /><testcase classname="tests.test_medical_routes_and_decisions.TestDoctorDecisionPanel" name="test_cancel_decision" time="0.120" /><testcase classname="tests.test_medical_routes_and_decisions.TestDoctorDecisionPanel" name="test_decision_not_found" time="0.038" /><testcase classname="tests.test_medical_routes_and_decisions.TestMedicalChecks" name="test_create_medical_check" time="0.352" /><testcase classname="tests.test_medical_routes_and_decisions.TestMedicalChecks" name="test_get_patient_checks" time="0.041" /><testcase classname="tests.test_medical_routes_and_decisions.TestMedications" name="test_add_medication" time="0.386" /><testcase classname="tests.test_medical_routes_and_decisions.TestMedications" name="test_get_patient_medications" time="0.074" /></testsuite></testsuites>