<?xml version="1.0" encoding="utf-8"?><testsuites name="pytest tests"><testsuite name="pytest" errors="0" failures="0" skipped="0" tests="13" time="16.060" timestamp="2026-01-23T21:21:45.746362+00:00" hostname="agent-env-0621bd69-32c5-4f5f-a4c1-873ea8c2298b"><testcase classname="backend.tests.test_medical_pwa.TestUserRegistrationRoleBug" name="test_register_with_doctor_role" time="3.635" /><testcase classname="backend.tests.test_medical_pwa.TestUserRegistrationRoleBug" name="test_register_with_nurse_role" time="3.267" /><testcase classname="backend.tests.test_medical_pwa.TestUserRegistrationRoleBug" name="test_register_with_driver_role" time="3.243" /><testcase classname="backend.tests.test_medical_pwa.TestUserRegistrationRoleBug" name="test_register_with_invalid_role_defaults_to_regular" time="3.250" /><testcase classname="backend.tests.test_medical_pwa.TestMedicalStaffPWABackend" name="test_doctor_login" time="0.277" /><testcase classname="backend.tests.test_medical_pwa.TestMedicalStaffPWABackend" name="test_medical_dashboard_access" time="0.312" /><testcase classname="backend.tests.test_medical_pwa.TestMedicalStaffPWABackend" name="test_transport_vitals_endpoint_requires_auth" time="0.038" /><testcase classname="backend.tests.test_medical_pwa.TestMedicalStaffPWABackend" name="test_record_normal_vitals" time="0.355" /><testcase classname="backend.tests.test_medical_pwa.TestMedicalStaffPWABackend" name="test_record_critical_low_spo2" time="0.302" /><testcase classname="backend.tests.test_medical_pwa.TestMedicalStaffPWABackend" name="test_record_critical_high_bp" time="0.296" /><testcase classname="backend.tests.test_medical_pwa.TestMedicalStaffPWABackend" name="test_record_critical_low_bp" time="0.301" /><testcase classname="backend.tests.test_medical_pwa.TestMedicalStaffPWABackend" name="test_get_transport_vitals_history" time="0.339" /><testcase classname="backend.tests.test_medical_pwa.TestMedicalDashboardActiveTransports" name="test_active_transports_structure" time="0.302" /></testsuite></testsuites>