<?xml version="1.0" encoding="utf-8"?><testsuites name="pytest tests"><testsuite name="pytest" errors="0" failures="9" skipped="11" tests="24" time="2.867" timestamp="2026-01-23T20:09:47.264086+00:00" hostname="agent-env-3682a44b-15da-4b69-a3f1-a0c3741e5fa2"><testcase classname="tests.test_medical_dashboard.TestMedicalDashboard" name="test_dashboard_requires_auth" time="0.074" /><testcase classname="tests.test_medical_dashboard.TestMedicalDashboard" name="test_dashboard_returns_stats" time="0.314"><failure message="assert 401 == 200&#10; +  where 401 = &lt;Response [401]&gt;.status_code">tests/test_medical_dashboard.py:103: in test_dashboard_returns_stats
    assert response.status_code == 200
E   assert 401 == 200
E    +  where 401 = &lt;Response [401]&gt;.status_code</failure></testcase><testcase classname="tests.test_medical_dashboard.TestMedicalDashboard" name="test_dashboard_accessible_by_doctor" time="0.308"><failure message="assert 401 == 200&#10; +  where 401 = &lt;Response [401]&gt;.status_code">tests/test_medical_dashboard.py:123: in test_dashboard_accessible_by_doctor
    assert response.status_code == 200
E   assert 401 == 200
E    +  where 401 = &lt;Response [401]&gt;.status_code</failure></testcase><testcase classname="tests.test_medical_dashboard.TestMedicalDashboard" name="test_dashboard_not_accessible_by_driver" time="0.305"><failure message="AssertionError: Driver should not access medical dashboard&#10;assert 401 == 403&#10; +  where 401 = &lt;Response [401]&gt;.status_code">tests/test_medical_dashboard.py:131: in test_dashboard_not_accessible_by_driver
    assert response.status_code == 403, "Driver should not access medical dashboard"
E   AssertionError: Driver should not access medical dashboard
E   assert 401 == 403
E    +  where 401 = &lt;Response [401]&gt;.status_code</failure></testcase><testcase classname="tests.test_medical_dashboard.TestPatientCRUD" name="test_create_patient_requires_auth" time="0.036" /><testcase classname="tests.test_medical_dashboard.TestPatientCRUD" name="test_create_patient_not_allowed_for_driver" time="0.326"><failure message="assert 401 == 403&#10; +  where 401 = &lt;Response [401]&gt;.status_code">tests/test_medical_dashboard.py:181: in test_create_patient_not_allowed_for_driver
    assert response.status_code == 403
E   assert 401 == 403
E    +  where 401 = &lt;Response [401]&gt;.status_code</failure></testcase><testcase classname="tests.test_medical_dashboard.TestPatientCRUD" name="test_create_patient_success" time="0.301"><failure message="AssertionError: Create patient failed: {&quot;detail&quot;:&quot;Invalid token&quot;}&#10;assert 401 == 200&#10; +  where 401 = &lt;Response [401]&gt;.status_code">tests/test_medical_dashboard.py:190: in test_create_patient_success
    assert response.status_code == 200, f"Create patient failed: {response.text}"
E   AssertionError: Create patient failed: {"detail":"Invalid token"}
E   assert 401 == 200
E    +  where 401 = &lt;Response [401]&gt;.status_code</failure></testcase><testcase classname="tests.test_medical_dashboard.TestPatientCRUD" name="test_list_patients" time="0.077"><failure message="assert 401 == 200&#10; +  where 401 = &lt;Response [401]&gt;.status_code">tests/test_medical_dashboard.py:220: in test_list_patients
    assert response.status_code == 200
E   assert 401 == 200
E    +  where 401 = &lt;Response [401]&gt;.status_code</failure></testcase><testcase classname="tests.test_medical_dashboard.TestPatientCRUD" name="test_search_patients" time="0.035"><failure message="assert 401 == 200&#10; +  where 401 = &lt;Response [401]&gt;.status_code">tests/test_medical_dashboard.py:234: in test_search_patients
    assert response.status_code == 200
E   assert 401 == 200
E    +  where 401 = &lt;Response [401]&gt;.status_code</failure></testcase><testcase classname="tests.test_medical_dashboard.TestPatientCRUD" name="test_get_patient_by_id" time="0.000"><skipped type="pytest.skip" message="No patient created">/app/backend/tests/test_medical_dashboard.py:242: No patient created</skipped></testcase><testcase classname="tests.test_medical_dashboard.TestPatientCRUD" name="test_get_patient_by_patient_code" time="0.000"><skipped type="pytest.skip" message="No patient created">/app/backend/tests/test_medical_dashboard.py:256: No patient created</skipped></testcase><testcase classname="tests.test_medical_dashboard.TestPatientCRUD" name="test_update_patient" time="0.000"><skipped type="pytest.skip" message="No patient created">/app/backend/tests/test_medical_dashboard.py:270: No patient created</skipped></testcase><testcase classname="tests.test_medical_dashboard.TestVitalSigns" name="test_record_vitals_requires_auth" time="0.035" /><testcase classname="tests.test_medical_dashboard.TestVitalSigns" name="test_record_vitals_patient_not_found" time="0.304"><failure message="assert 401 == 404&#10; +  where 401 = &lt;Response [401]&gt;.status_code">tests/test_medical_dashboard.py:312: in test_record_vitals_patient_not_found
    assert response.status_code == 404
E   assert 401 == 404
E    +  where 401 = &lt;Response [401]&gt;.status_code</failure></testcase><testcase classname="tests.test_medical_dashboard.TestVitalSigns" name="test_record_normal_vitals" time="0.000"><skipped type="pytest.skip" message="No patient created">/app/backend/tests/test_medical_dashboard.py:318: No patient created</skipped></testcase><testcase classname="tests.test_medical_dashboard.TestVitalSigns" name="test_record_abnormal_vitals_high_bp" time="0.000"><skipped type="pytest.skip" message="No patient created">/app/backend/tests/test_medical_dashboard.py:356: No patient created</skipped></testcase><testcase classname="tests.test_medical_dashboard.TestVitalSigns" name="test_record_abnormal_vitals_low_spo2" time="0.000"><skipped type="pytest.skip" message="No patient created">/app/backend/tests/test_medical_dashboard.py:379: No patient created</skipped></testcase><testcase classname="tests.test_medical_dashboard.TestVitalSigns" name="test_record_abnormal_vitals_fever" time="0.000"><skipped type="pytest.skip" message="No patient created">/app/backend/tests/test_medical_dashboard.py:400: No patient created</skipped></testcase><testcase classname="tests.test_medical_dashboard.TestVitalSigns" name="test_record_abnormal_vitals_tachycardia" time="0.000"><skipped type="pytest.skip" message="No patient created">/app/backend/tests/test_medical_dashboard.py:421: No patient created</skipped></testcase><testcase classname="tests.test_medical_dashboard.TestVitalSigns" name="test_get_patient_vitals_history" time="0.000"><skipped type="pytest.skip" message="No patient created">/app/backend/tests/test_medical_dashboard.py:442: No patient created</skipped></testcase><testcase classname="tests.test_medical_dashboard.TestVitalSigns" name="test_get_latest_vitals" time="0.000"><skipped type="pytest.skip" message="No patient created">/app/backend/tests/test_medical_dashboard.py:459: No patient created</skipped></testcase><testcase classname="tests.test_medical_dashboard.TestMedicalAlerts" name="test_alerts_requires_auth" time="0.039" /><testcase classname="tests.test_medical_dashboard.TestMedicalAlerts" name="test_alerts_returns_data" time="0.298"><failure message="assert 401 == 200&#10; +  where 401 = &lt;Response [401]&gt;.status_code">tests/test_medical_dashboard.py:486: in test_alerts_returns_data
    assert response.status_code == 200
E   assert 401 == 200
E    +  where 401 = &lt;Response [401]&gt;.status_code</failure></testcase><testcase classname="tests.test_medical_dashboard.TestCleanup" name="test_delete_test_patient" time="0.260"><skipped type="pytest.skip" message="No patient to delete">/app/backend/tests/test_medical_dashboard.py:496: No patient to delete</skipped></testcase></testsuite></testsuites>