<?xml version="1.0" encoding="utf-8"?><testsuites name="pytest tests"><testsuite name="pytest" errors="0" failures="9" skipped="11" tests="24" time="1.612" timestamp="2026-01-23T20:10:53.983412+00:00" hostname="agent-env-3682a44b-15da-4b69-a3f1-a0c3741e5fa2"><testcase classname="tests.test_medical_dashboard.TestMedicalDashboard" name="test_dashboard_requires_auth" time="0.153" /><testcase classname="tests.test_medical_dashboard.TestMedicalDashboard" name="test_dashboard_returns_stats" time="0.321"><failure message="AssertionError: Dashboard failed: {&quot;detail&quot;:&quot;Invalid token&quot;}&#10;assert 401 == 200&#10; +  where 401 = &lt;Response [401]&gt;.status_code">tests/test_medical_dashboard.py:100: in test_dashboard_returns_stats
    assert response.status_code == 200, f"Dashboard failed: {response.text}"
E   AssertionError: Dashboard failed: {"detail":"Invalid token"}
E   assert 401 == 200
E    +  where 401 = &lt;Response [401]&gt;.status_code</failure></testcase><testcase classname="tests.test_medical_dashboard.TestMedicalDashboard" name="test_dashboard_accessible_by_doctor" time="0.305"><failure message="AssertionError: Doctor access failed: {&quot;detail&quot;:&quot;Invalid token&quot;}&#10;assert 401 == 200&#10; +  where 401 = &lt;Response [401]&gt;.status_code">tests/test_medical_dashboard.py:121: in test_dashboard_accessible_by_doctor
    assert response.status_code == 200, f"Doctor access failed: {response.text}"
E   AssertionError: Doctor access failed: {"detail":"Invalid token"}
E   assert 401 == 200
E    +  where 401 = &lt;Response [401]&gt;.status_code</failure></testcase><testcase classname="tests.test_medical_dashboard.TestMedicalDashboard" name="test_dashboard_not_accessible_by_driver" time="0.312"><failure message="AssertionError: Driver should not access medical dashboard, got 401&#10;assert 401 == 403&#10; +  where 401 = &lt;Response [401]&gt;.status_code">tests/test_medical_dashboard.py:129: in test_dashboard_not_accessible_by_driver
    assert response.status_code == 403, f"Driver should not access medical dashboard, got {response.status_code}"
E   AssertionError: Driver should not access medical dashboard, got 401
E   assert 401 == 403
E    +  where 401 = &lt;Response [401]&gt;.status_code</failure></testcase><testcase classname="tests.test_medical_dashboard.TestPatientCRUD" name="test_create_patient_requires_auth" time="0.043" /><testcase classname="tests.test_medical_dashboard.TestPatientCRUD" name="test_create_patient_not_allowed_for_driver" time="0.041"><failure message="AssertionError: Driver should not create patients, got 401&#10;assert 401 == 403&#10; +  where 401 = &lt;Response [401]&gt;.status_code">tests/test_medical_dashboard.py:157: in test_create_patient_not_allowed_for_driver
    assert response.status_code == 403, f"Driver should not create patients, got {response.status_code}"
E   AssertionError: Driver should not create patients, got 401
E   assert 401 == 403
E    +  where 401 = &lt;Response [401]&gt;.status_code</failure></testcase><testcase classname="tests.test_medical_dashboard.TestPatientCRUD" name="test_create_patient_success" time="0.042"><failure message="AssertionError: Create patient failed: {&quot;detail&quot;:&quot;Invalid token&quot;}&#10;assert 401 == 200&#10; +  where 401 = &lt;Response [401]&gt;.status_code">tests/test_medical_dashboard.py:195: in test_create_patient_success
    assert response.status_code == 200, f"Create patient failed: {response.text}"
E   AssertionError: Create patient failed: {"detail":"Invalid token"}
E   assert 401 == 200
E    +  where 401 = &lt;Response [401]&gt;.status_code</failure></testcase><testcase classname="tests.test_medical_dashboard.TestPatientCRUD" name="test_list_patients" time="0.034"><failure message="AssertionError: List patients failed: {&quot;detail&quot;:&quot;Invalid token&quot;}&#10;assert 401 == 200&#10; +  where 401 = &lt;Response [401]&gt;.status_code">tests/test_medical_dashboard.py:226: in test_list_patients
    assert response.status_code == 200, f"List patients failed: {response.text}"
E   AssertionError: List patients failed: {"detail":"Invalid token"}
E   assert 401 == 200
E    +  where 401 = &lt;Response [401]&gt;.status_code</failure></testcase><testcase classname="tests.test_medical_dashboard.TestPatientCRUD" name="test_search_patients" time="0.039"><failure message="AssertionError: Search patients failed: {&quot;detail&quot;:&quot;Invalid token&quot;}&#10;assert 401 == 200&#10; +  where 401 = &lt;Response [401]&gt;.status_code">tests/test_medical_dashboard.py:241: in test_search_patients
    assert response.status_code == 200, f"Search patients failed: {response.text}"
E   AssertionError: Search patients failed: {"detail":"Invalid token"}
E   assert 401 == 200
E    +  where 401 = &lt;Response [401]&gt;.status_code</failure></testcase><testcase classname="tests.test_medical_dashboard.TestPatientCRUD" name="test_get_patient_by_id" time="0.000"><skipped type="pytest.skip" message="No patient created">/app/backend/tests/test_medical_dashboard.py:249: No patient created</skipped></testcase><testcase classname="tests.test_medical_dashboard.TestPatientCRUD" name="test_get_patient_by_patient_code" time="0.000"><skipped type="pytest.skip" message="No patient created">/app/backend/tests/test_medical_dashboard.py:263: No patient created</skipped></testcase><testcase classname="tests.test_medical_dashboard.TestPatientCRUD" name="test_update_patient" time="0.000"><skipped type="pytest.skip" message="No patient created">/app/backend/tests/test_medical_dashboard.py:277: No patient created</skipped></testcase><testcase classname="tests.test_medical_dashboard.TestVitalSigns" name="test_record_vitals_requires_auth" time="0.046" /><testcase classname="tests.test_medical_dashboard.TestVitalSigns" name="test_record_vitals_patient_not_found" time="0.037"><failure message="AssertionError: Expected 404, got 401: {&quot;detail&quot;:&quot;Invalid token&quot;}&#10;assert 401 == 404&#10; +  where 401 = &lt;Response [401]&gt;.status_code">tests/test_medical_dashboard.py:319: in test_record_vitals_patient_not_found
    assert response.status_code == 404, f"Expected 404, got {response.status_code}: {response.text}"
E   AssertionError: Expected 404, got 401: {"detail":"Invalid token"}
E   assert 401 == 404
E    +  where 401 = &lt;Response [401]&gt;.status_code</failure></testcase><testcase classname="tests.test_medical_dashboard.TestVitalSigns" name="test_record_normal_vitals" time="0.000"><skipped type="pytest.skip" message="No patient created">/app/backend/tests/test_medical_dashboard.py:325: No patient created</skipped></testcase><testcase classname="tests.test_medical_dashboard.TestVitalSigns" name="test_record_abnormal_vitals_high_bp" time="0.000"><skipped type="pytest.skip" message="No patient created">/app/backend/tests/test_medical_dashboard.py:364: No patient created</skipped></testcase><testcase classname="tests.test_medical_dashboard.TestVitalSigns" name="test_record_abnormal_vitals_low_spo2" time="0.000"><skipped type="pytest.skip" message="No patient created">/app/backend/tests/test_medical_dashboard.py:388: No patient created</skipped></testcase><testcase classname="tests.test_medical_dashboard.TestVitalSigns" name="test_record_abnormal_vitals_fever" time="0.000"><skipped type="pytest.skip" message="No patient created">/app/backend/tests/test_medical_dashboard.py:410: No patient created</skipped></testcase><testcase classname="tests.test_medical_dashboard.TestVitalSigns" name="test_record_abnormal_vitals_tachycardia" time="0.000"><skipped type="pytest.skip" message="No patient created">/app/backend/tests/test_medical_dashboard.py:432: No patient created</skipped></testcase><testcase classname="tests.test_medical_dashboard.TestVitalSigns" name="test_get_patient_vitals_history" time="0.000"><skipped type="pytest.skip" message="No patient created">/app/backend/tests/test_medical_dashboard.py:454: No patient created</skipped></testcase><testcase classname="tests.test_medical_dashboard.TestVitalSigns" name="test_get_latest_vitals" time="0.000"><skipped type="pytest.skip" message="No patient created">/app/backend/tests/test_medical_dashboard.py:472: No patient created</skipped></testcase><testcase classname="tests.test_medical_dashboard.TestMedicalAlerts" name="test_alerts_requires_auth" time="0.038" /><testcase classname="tests.test_medical_dashboard.TestMedicalAlerts" name="test_alerts_returns_data" time="0.036"><failure message="AssertionError: Alerts failed: {&quot;detail&quot;:&quot;Invalid token&quot;}&#10;assert 401 == 200&#10; +  where 401 = &lt;Response [401]&gt;.status_code">tests/test_medical_dashboard.py:500: in test_alerts_returns_data
    assert response.status_code == 200, f"Alerts failed: {response.text}"
E   AssertionError: Alerts failed: {"detail":"Invalid token"}
E   assert 401 == 200
E    +  where 401 = &lt;Response [401]&gt;.status_code</failure></testcase><testcase classname="tests.test_medical_dashboard.TestCleanup" name="test_delete_test_patient" time="0.000"><skipped type="pytest.skip" message="No patient to delete">/app/backend/tests/test_medical_dashboard.py:510: No patient to delete</skipped></testcase></testsuite></testsuites>