<?xml version="1.0" encoding="utf-8"?><testsuites name="pytest tests"><testsuite name="pytest" errors="0" failures="0" skipped="0" tests="24" time="2.114" timestamp="2026-01-23T20:12:03.701423+00:00" hostname="agent-env-3682a44b-15da-4b69-a3f1-a0c3741e5fa2"><testcase classname="tests.test_medical_dashboard.TestMedicalDashboard" name="test_dashboard_requires_auth" time="0.100" /><testcase classname="tests.test_medical_dashboard.TestMedicalDashboard" name="test_dashboard_returns_stats" time="0.312" /><testcase classname="tests.test_medical_dashboard.TestMedicalDashboard" name="test_dashboard_accessible_by_doctor" time="0.349" /><testcase classname="tests.test_medical_dashboard.TestMedicalDashboard" name="test_dashboard_not_accessible_by_driver" time="0.301" /><testcase classname="tests.test_medical_dashboard.TestPatientCRUD" name="test_create_patient_requires_auth" time="0.081" /><testcase classname="tests.test_medical_dashboard.TestPatientCRUD" name="test_create_patient_not_allowed_for_driver" time="0.039" /><testcase classname="tests.test_medical_dashboard.TestPatientCRUD" name="test_create_patient_success" time="0.046" /><testcase classname="tests.test_medical_dashboard.TestPatientCRUD" name="test_list_patients" time="0.043" /><testcase classname="tests.test_medical_dashboard.TestPatientCRUD" name="test_search_patients" time="0.038" /><testcase classname="tests.test_medical_dashboard.TestPatientCRUD" name="test_get_patient_by_id" time="0.043" /><testcase classname="tests.test_medical_dashboard.TestPatientCRUD" name="test_get_patient_by_patient_code" time="0.037" /><testcase classname="tests.test_medical_dashboard.TestPatientCRUD" name="test_update_patient" time="0.086" /><testcase classname="tests.test_medical_dashboard.TestVitalSigns" name="test_record_vitals_requires_auth" time="0.043" /><testcase classname="tests.test_medical_dashboard.TestVitalSigns" name="test_record_vitals_patient_not_found" time="0.046" /><testcase classname="tests.test_medical_dashboard.TestVitalSigns" name="test_record_normal_vitals" time="0.040" /><testcase classname="tests.test_medical_dashboard.TestVitalSigns" name="test_record_abnormal_vitals_high_bp" time="0.037" /><testcase classname="tests.test_medical_dashboard.TestVitalSigns" name="test_record_abnormal_vitals_low_spo2" time="0.037" /><testcase classname="tests.test_medical_dashboard.TestVitalSigns" name="test_record_abnormal_vitals_fever" time="0.039" /><testcase classname="tests.test_medical_dashboard.TestVitalSigns" name="test_record_abnormal_vitals_tachycardia" time="0.041" /><testcase classname="tests.test_medical_dashboard.TestVitalSigns" name="test_get_patient_vitals_history" time="0.039" /><testcase classname="tests.test_medical_dashboard.TestVitalSigns" name="test_get_latest_vitals" time="0.040" /><testcase classname="tests.test_medical_dashboard.TestMedicalAlerts" name="test_alerts_requires_auth" time="0.033" /><testcase classname="tests.test_medical_dashboard.TestMedicalAlerts" name="test_alerts_returns_data" time="0.039" /><testcase classname="tests.test_medical_dashboard.TestCleanup" name="test_delete_test_patient" time="0.118" /></testsuite></testsuites>