<?xml version="1.0" encoding="utf-8"?><testsuites name="pytest tests"><testsuite name="pytest" errors="0" failures="0" skipped="0" tests="17" time="4.728" timestamp="2026-02-04T21:34:46.737970+00:00" hostname="agent-env-b4e82bda-312a-433e-9e91-8b8a99f777ed"><testcase classname="tests.test_password_reset.TestForgotPasswordEndpoint" name="test_forgot_password_existing_email" time="1.500" /><testcase classname="tests.test_password_reset.TestForgotPasswordEndpoint" name="test_forgot_password_nonexistent_email" time="0.043" /><testcase classname="tests.test_password_reset.TestForgotPasswordEndpoint" name="test_forgot_password_serbian_language" time="1.274" /><testcase classname="tests.test_password_reset.TestForgotPasswordEndpoint" name="test_forgot_password_invalid_email_format" time="0.039" /><testcase classname="tests.test_password_reset.TestForgotPasswordEndpoint" name="test_forgot_password_empty_email" time="0.044" /><testcase classname="tests.test_password_reset.TestVerifyResetTokenEndpoint" name="test_verify_valid_token" time="0.038" /><testcase classname="tests.test_password_reset.TestVerifyResetTokenEndpoint" name="test_verify_expired_token" time="0.040" /><testcase classname="tests.test_password_reset.TestVerifyResetTokenEndpoint" name="test_verify_invalid_type_token" time="0.041" /><testcase classname="tests.test_password_reset.TestVerifyResetTokenEndpoint" name="test_verify_malformed_token" time="0.035" /><testcase classname="tests.test_password_reset.TestVerifyResetTokenEndpoint" name="test_verify_missing_token" time="0.039" /><testcase classname="tests.test_password_reset.TestVerifyResetTokenEndpoint" name="test_verify_token_nonexistent_user" time="0.045" /><testcase classname="tests.test_password_reset.TestResetPasswordEndpoint" name="test_reset_password_valid_token" time="1.008" /><testcase classname="tests.test_password_reset.TestResetPasswordEndpoint" name="test_reset_password_expired_token" time="0.034" /><testcase classname="tests.test_password_reset.TestResetPasswordEndpoint" name="test_reset_password_invalid_token" time="0.039" /><testcase classname="tests.test_password_reset.TestResetPasswordEndpoint" name="test_reset_password_short_password" time="0.046" /><testcase classname="tests.test_password_reset.TestResetPasswordEndpoint" name="test_reset_password_nonexistent_user" time="0.052" /><testcase classname="tests.test_password_reset.TestLoginAfterPasswordReset" name="test_login_with_original_credentials" time="0.257" /></testsuite></testsuites>