<?xml version="1.0" encoding="utf-8"?><testsuites name="pytest tests"><testsuite name="pytest" errors="0" failures="0" skipped="0" tests="14" time="0.967" timestamp="2026-01-28T10:01:58.366281+00:00" hostname="agent-env-c3a19ce1-31dc-4661-8d81-ebfd7b4a4a05"><testcase classname="tests.test_patient_diagnoses.TestDiagnosesAuthentication" name="test_get_diagnoses_requires_auth" time="0.092" /><testcase classname="tests.test_patient_diagnoses.TestDiagnosesAuthentication" name="test_post_diagnosis_requires_auth" time="0.009" /><testcase classname="tests.test_patient_diagnoses.TestDiagnosesAuthentication" name="test_delete_diagnosis_requires_auth" time="0.047" /><testcase classname="tests.test_patient_diagnoses.TestGetPatientDiagnoses" name="test_get_diagnoses_success" time="0.245" /><testcase classname="tests.test_patient_diagnoses.TestGetPatientDiagnoses" name="test_get_diagnoses_nonexistent_patient" time="0.008" /><testcase classname="tests.test_patient_diagnoses.TestAddPatientDiagnosis" name="test_add_diagnosis_success" time="0.049" /><testcase classname="tests.test_patient_diagnoses.TestAddPatientDiagnosis" name="test_add_diagnosis_nonexistent_patient" time="0.007" /><testcase classname="tests.test_patient_diagnoses.TestAddPatientDiagnosis" name="test_add_duplicate_diagnosis_fails" time="0.056" /><testcase classname="tests.test_patient_diagnoses.TestAddPatientDiagnosis" name="test_add_real_icd10_diagnosis" time="0.096" /><testcase classname="tests.test_patient_diagnoses.TestDeletePatientDiagnosis" name="test_delete_diagnosis_success" time="0.063" /><testcase classname="tests.test_patient_diagnoses.TestDeletePatientDiagnosis" name="test_delete_nonexistent_diagnosis" time="0.006" /><testcase classname="tests.test_patient_diagnoses.TestDiagnosesDataIntegrity" name="test_diagnosis_persists_after_add" time="0.054" /><testcase classname="tests.test_patient_diagnoses.TestDiagnosesDataIntegrity" name="test_diagnoses_sorted_by_date" time="0.007" /><testcase classname="tests.test_patient_diagnoses.TestCleanup" name="test_cleanup_test_diagnoses" time="0.117" /></testsuite></testsuites>