<?xml version="1.0" encoding="utf-8"?><testsuites name="pytest tests"><testsuite name="pytest" errors="0" failures="0" skipped="0" tests="21" time="4.893" timestamp="2026-01-23T14:43:28.595147+00:00" hostname="agent-env-4f81bdd4-83c0-4991-a427-4bf272711b57"><testcase classname="tests.test_patient_portal.TestPatientAuth" name="test_patient_login_success" time="0.334" /><testcase classname="tests.test_patient_portal.TestPatientAuth" name="test_patient_login_invalid_credentials" time="0.042" /><testcase classname="tests.test_patient_portal.TestPatientDashboard" name="test_get_dashboard" time="0.318" /><testcase classname="tests.test_patient_portal.TestPatientDashboard" name="test_dashboard_requires_auth" time="0.043" /><testcase classname="tests.test_patient_portal.TestTransportReasons" name="test_get_transport_reasons_serbian" time="0.041" /><testcase classname="tests.test_patient_portal.TestTransportReasons" name="test_get_transport_reasons_english" time="0.040" /><testcase classname="tests.test_patient_portal.TestPatientBookings" name="test_create_booking" time="3.232" /><testcase classname="tests.test_patient_portal.TestPatientBookings" name="test_create_booking_without_consent_fails" time="0.044" /><testcase classname="tests.test_patient_portal.TestPatientBookings" name="test_get_bookings_list" time="0.041" /><testcase classname="tests.test_patient_portal.TestPatientBookings" name="test_get_bookings_with_status_filter" time="0.046" /><testcase classname="tests.test_patient_portal.TestPatientBookings" name="test_get_single_booking" time="0.039" /><testcase classname="tests.test_patient_portal.TestPatientBookings" name="test_cancel_booking" time="0.076" /><testcase classname="tests.test_patient_portal.TestPatientInvoices" name="test_get_invoices_list" time="0.037" /><testcase classname="tests.test_patient_portal.TestPatientInvoices" name="test_invoices_requires_auth" time="0.037" /><testcase classname="tests.test_patient_portal.TestPatientProfile" name="test_get_profile" time="0.039" /><testcase classname="tests.test_patient_portal.TestPatientProfile" name="test_update_profile" time="0.084" /><testcase classname="tests.test_patient_portal.TestPatientProfile" name="test_profile_requires_auth" time="0.035" /><testcase classname="tests.test_patient_portal.TestPatientNotifications" name="test_get_notifications" time="0.039" /><testcase classname="tests.test_patient_portal.TestPatientNotifications" name="test_mark_all_notifications_read" time="0.039" /><testcase classname="tests.test_patient_portal.TestPatientNotifications" name="test_notifications_requires_auth" time="0.047" /><testcase classname="tests.test_patient_portal.TestCleanup" name="test_cleanup_test_bookings" time="0.038" /></testsuite></testsuites>