<?xml version="1.0" encoding="utf-8"?><testsuites name="pytest tests"><testsuite name="pytest" errors="0" failures="0" skipped="0" tests="17" time="42.845" timestamp="2026-01-23T12:47:14.108445+00:00" hostname="agent-env-7c25029d-dcd8-4f49-aa18-a47817400ed6"><testcase classname="backend.tests.test_email_routing.TestHealthCheck" name="test_health_endpoint" time="0.076" /><testcase classname="backend.tests.test_email_routing.TestContactAPIEmailRouting" name="test_contact_general_inquiry_sr" time="3.222" /><testcase classname="backend.tests.test_email_routing.TestContactAPIEmailRouting" name="test_contact_general_inquiry_en" time="3.004" /><testcase classname="backend.tests.test_email_routing.TestContactAPIEmailRouting" name="test_contact_medical_inquiry_sr" time="3.036" /><testcase classname="backend.tests.test_email_routing.TestContactAPIEmailRouting" name="test_contact_medical_inquiry_en" time="3.142" /><testcase classname="backend.tests.test_email_routing.TestContactAPIEmailRouting" name="test_contact_transport_inquiry_sr" time="3.105" /><testcase classname="backend.tests.test_email_routing.TestContactAPIEmailRouting" name="test_contact_transport_inquiry_en" time="2.950" /><testcase classname="backend.tests.test_email_routing.TestContactAPIEmailRouting" name="test_contact_default_language" time="3.084" /><testcase classname="backend.tests.test_email_routing.TestBookingAPIParameters" name="test_booking_transport_sr" time="3.163" /><testcase classname="backend.tests.test_email_routing.TestBookingAPIParameters" name="test_booking_transport_en" time="3.058" /><testcase classname="backend.tests.test_email_routing.TestBookingAPIParameters" name="test_booking_medical_sr" time="3.024" /><testcase classname="backend.tests.test_email_routing.TestBookingAPIParameters" name="test_booking_medical_en" time="3.186" /><testcase classname="backend.tests.test_email_routing.TestBookingAPIParameters" name="test_booking_default_values" time="2.964" /><testcase classname="backend.tests.test_email_routing.TestRegistrationAPILanguage" name="test_register_with_sr_language" time="1.809" /><testcase classname="backend.tests.test_email_routing.TestRegistrationAPILanguage" name="test_register_with_en_language" time="1.764" /><testcase classname="backend.tests.test_email_routing.TestRegistrationAPILanguage" name="test_register_default_language" time="1.791" /><testcase classname="backend.tests.test_email_routing.TestLoginAndAuth" name="test_admin_login" time="0.285" /></testsuite></testsuites>