<?xml version="1.0" encoding="utf-8"?><testsuites name="pytest tests"><testsuite name="pytest" errors="0" failures="0" skipped="0" tests="11" time="1.318" timestamp="2026-01-23T13:17:49.338254+00:00" hostname="agent-env-7c25029d-dcd8-4f49-aa18-a47817400ed6"><testcase classname="tests.test_image_upload.TestImageUploadEndpoint" name="test_upload_requires_authentication" time="0.079" /><testcase classname="tests.test_image_upload.TestImageUploadEndpoint" name="test_super_admin_can_upload_png" time="0.311" /><testcase classname="tests.test_image_upload.TestImageUploadEndpoint" name="test_admin_can_upload_jpeg" time="0.319" /><testcase classname="tests.test_image_upload.TestImageUploadEndpoint" name="test_upload_returns_correct_response_structure" time="0.041" /><testcase classname="tests.test_image_upload.TestFileTypeValidation" name="test_reject_invalid_file_type_txt" time="0.039" /><testcase classname="tests.test_image_upload.TestFileTypeValidation" name="test_reject_invalid_file_type_pdf" time="0.042" /><testcase classname="tests.test_image_upload.TestFileTypeValidation" name="test_reject_invalid_file_type_exe" time="0.040" /><testcase classname="tests.test_image_upload.TestFileSizeValidation" name="test_reject_file_over_5mb" time="0.067" /><testcase classname="tests.test_image_upload.TestUploadedFileAccess" name="test_uploaded_file_accessible" time="0.072" /><testcase classname="tests.test_image_upload.TestUploadedFileAccess" name="test_existing_uploads_accessible" time="0.039" /><testcase classname="tests.test_image_upload.TestImageUploadIntegration" name="test_upload_and_use_in_cms_content" time="0.109" /></testsuite></testsuites>