<?xml version="1.0" encoding="utf-8"?><testsuites name="pytest tests"><testsuite name="pytest" errors="0" failures="0" skipped="0" tests="26" time="3.060" timestamp="2026-01-23T19:49:49.539291+00:00" hostname="agent-env-3682a44b-15da-4b69-a3f1-a0c3741e5fa2"><testcase classname="backend.tests.test_staff_availability.TestStaffAvailabilityAPI" name="test_get_availability_requires_auth" time="0.079" /><testcase classname="backend.tests.test_staff_availability.TestStaffAvailabilityAPI" name="test_get_availability_as_driver" time="0.318" /><testcase classname="backend.tests.test_staff_availability.TestStaffAvailabilityAPI" name="test_get_availability_with_date_filter" time="0.166" /><testcase classname="backend.tests.test_staff_availability.TestStaffAvailabilityAPI" name="test_create_availability_requires_auth" time="0.199" /><testcase classname="backend.tests.test_staff_availability.TestStaffAvailabilityAPI" name="test_create_availability_patient_forbidden" time="0.395" /><testcase classname="backend.tests.test_staff_availability.TestStaffAvailabilityAPI" name="test_create_availability_as_driver" time="0.038" /><testcase classname="backend.tests.test_staff_availability.TestStaffAvailabilityAPI" name="test_create_availability_with_repeat_weekly" time="0.079" /><testcase classname="backend.tests.test_staff_availability.TestStaffAvailabilityAPI" name="test_create_availability_different_statuses" time="0.180" /><testcase classname="backend.tests.test_staff_availability.TestStaffAvailabilityAPI" name="test_update_availability_requires_auth" time="0.035" /><testcase classname="backend.tests.test_staff_availability.TestStaffAvailabilityAPI" name="test_update_availability_not_found" time="0.038" /><testcase classname="backend.tests.test_staff_availability.TestStaffAvailabilityAPI" name="test_delete_availability_requires_auth" time="0.037" /><testcase classname="backend.tests.test_staff_availability.TestStaffAvailabilityAPI" name="test_delete_availability_not_found" time="0.045" /><testcase classname="backend.tests.test_staff_availability.TestStaffAvailabilityAPI" name="test_admin_get_all_availability_requires_auth" time="0.036" /><testcase classname="backend.tests.test_staff_availability.TestStaffAvailabilityAPI" name="test_admin_get_all_availability_requires_admin_role" time="0.038" /><testcase classname="backend.tests.test_staff_availability.TestStaffAvailabilityAPI" name="test_admin_get_all_availability_success" time="0.298" /><testcase classname="backend.tests.test_staff_availability.TestStaffAvailabilityAPI" name="test_admin_get_availability_with_filters" time="0.092" /><testcase classname="backend.tests.test_staff_availability.TestStaffAvailabilityAPI" name="test_admin_get_availability_by_date" time="0.041" /><testcase classname="backend.tests.test_staff_availability.TestStaffAvailabilityAPI" name="test_admin_get_staff_list" time="0.042" /><testcase classname="backend.tests.test_staff_availability.TestStaffAvailabilityAPI" name="test_admin_staff_list_requires_admin_role" time="0.036" /><testcase classname="backend.tests.test_staff_availability.TestStaffAvailabilityAPI" name="test_admin_create_availability_requires_auth" time="0.039" /><testcase classname="backend.tests.test_staff_availability.TestStaffAvailabilityAPI" name="test_admin_create_availability_requires_admin_role" time="0.041" /><testcase classname="backend.tests.test_staff_availability.TestStaffAvailabilityAPI" name="test_admin_create_availability_user_not_found" time="0.037" /><testcase classname="backend.tests.test_staff_availability.TestStaffAvailabilityAPI" name="test_admin_create_availability_for_staff_success" time="0.078" /><testcase classname="backend.tests.test_staff_availability.TestStaffAvailabilityAPI" name="test_admin_create_availability_with_repeat_weekly" time="0.082" /><testcase classname="backend.tests.test_staff_availability.TestStaffAvailabilityAPI" name="test_availability_slot_structure" time="0.041" /><testcase classname="backend.tests.test_staff_availability.TestStaffAvailabilityCRUDFlow" name="test_crud_flow" time="0.487" /></testsuite></testsuites>