<?xml version="1.0" encoding="utf-8"?><testsuites name="pytest tests"><testsuite name="pytest" errors="0" failures="0" skipped="0" tests="13" time="10.449" timestamp="2026-01-26T15:14:47.660203+00:00" hostname="agent-env-768a9384-7e22-41a6-b56d-61d838d7bbc8"><testcase classname="backend.tests.test_user_deletion_and_api_keys.TestUserDeletion" name="test_delete_user_endpoint_exists" time="0.284" /><testcase classname="backend.tests.test_user_deletion_and_api_keys.TestUserDeletion" name="test_create_and_delete_regular_user" time="3.526" /><testcase classname="backend.tests.test_user_deletion_and_api_keys.TestUserDeletion" name="test_cannot_delete_superadmin" time="0.271" /><testcase classname="backend.tests.test_user_deletion_and_api_keys.TestUserDeletion" name="test_delete_requires_authentication" time="0.336" /><testcase classname="backend.tests.test_user_deletion_and_api_keys.TestApiKeyManagement" name="test_get_api_keys_endpoint" time="0.267" /><testcase classname="backend.tests.test_user_deletion_and_api_keys.TestApiKeyManagement" name="test_create_api_key" time="0.311" /><testcase classname="backend.tests.test_user_deletion_and_api_keys.TestApiKeyManagement" name="test_api_key_list_shows_prefix_not_full_key" time="0.327" /><testcase classname="backend.tests.test_user_deletion_and_api_keys.TestApiKeyManagement" name="test_api_key_has_required_fields" time="0.295" /><testcase classname="backend.tests.test_user_deletion_and_api_keys.TestApiKeyManagement" name="test_revoke_api_key" time="0.339" /><testcase classname="backend.tests.test_user_deletion_and_api_keys.TestApiKeyManagement" name="test_revoke_nonexistent_key_returns_404" time="0.271" /><testcase classname="backend.tests.test_user_deletion_and_api_keys.TestApiKeyManagement" name="test_api_keys_require_superadmin" time="0.336" /><testcase classname="backend.tests.test_user_deletion_and_api_keys.TestAdminUserDeletion" name="test_admin_cannot_delete_other_admin" time="0.263" /><testcase classname="backend.tests.test_user_deletion_and_api_keys.TestAdminUserDeletion" name="test_delete_user_returns_success_response" time="3.567" /></testsuite></testsuites>