<?xml version="1.0" encoding="utf-8"?><testsuites name="pytest tests"><testsuite name="pytest" errors="0" failures="0" skipped="0" tests="38" time="2.161" timestamp="2026-01-27T12:46:32.761229+00:00" hostname="agent-env-3a4f7cb2-5723-46f8-afd0-7f726538b31f"><testcase classname="backend.tests.test_vehicle_schedules.TestScheduleEndpointsExist" name="test_get_schedules_endpoint_exists" time="0.357" /><testcase classname="backend.tests.test_vehicle_schedules.TestScheduleEndpointsExist" name="test_get_vehicle_schedules_endpoint_exists" time="0.020" /><testcase classname="backend.tests.test_vehicle_schedules.TestScheduleEndpointsExist" name="test_availability_endpoint_exists" time="0.021" /><testcase classname="backend.tests.test_vehicle_schedules.TestScheduleEndpointsExist" name="test_conflicts_endpoint_exists" time="0.014" /><testcase classname="backend.tests.test_vehicle_schedules.TestGetSchedules" name="test_get_all_schedules" time="0.018" /><testcase classname="backend.tests.test_vehicle_schedules.TestGetSchedules" name="test_get_schedules_with_date_filter" time="0.013" /><testcase classname="backend.tests.test_vehicle_schedules.TestGetSchedules" name="test_get_schedules_with_vehicle_filter" time="0.017" /><testcase classname="backend.tests.test_vehicle_schedules.TestGetSchedules" name="test_get_schedules_with_status_filter" time="0.018" /><testcase classname="backend.tests.test_vehicle_schedules.TestGetVehicleSchedules" name="test_get_vehicle_schedules_success" time="0.017" /><testcase classname="backend.tests.test_vehicle_schedules.TestGetVehicleSchedules" name="test_get_vehicle_schedules_with_date" time="0.014" /><testcase classname="backend.tests.test_vehicle_schedules.TestGetVehicleSchedules" name="test_get_vehicle_schedules_nonexistent_vehicle" time="0.012" /><testcase classname="backend.tests.test_vehicle_schedules.TestGetVehicleSchedules" name="test_get_vehicle_schedules_include_cancelled" time="0.017" /><testcase classname="backend.tests.test_vehicle_schedules.TestAvailability" name="test_check_availability_basic" time="0.017" /><testcase classname="backend.tests.test_vehicle_schedules.TestAvailability" name="test_check_availability_specific_vehicle" time="0.013" /><testcase classname="backend.tests.test_vehicle_schedules.TestAvailability" name="test_check_availability_with_time_range" time="0.015" /><testcase classname="backend.tests.test_vehicle_schedules.TestAvailability" name="test_availability_shows_time_slots" time="0.015" /><testcase classname="backend.tests.test_vehicle_schedules.TestConflictDetection" name="test_check_conflicts_no_conflict" time="0.052" /><testcase classname="backend.tests.test_vehicle_schedules.TestConflictDetection" name="test_check_conflicts_with_overlap" time="0.029" /><testcase classname="backend.tests.test_vehicle_schedules.TestConflictDetection" name="test_check_conflicts_response_structure" time="0.011" /><testcase classname="backend.tests.test_vehicle_schedules.TestCreateSchedule" name="test_create_schedule_success" time="0.094" /><testcase classname="backend.tests.test_vehicle_schedules.TestCreateSchedule" name="test_create_schedule_conflict_detection" time="0.027" /><testcase classname="backend.tests.test_vehicle_schedules.TestCreateSchedule" name="test_create_schedule_force_with_conflict" time="0.071" /><testcase classname="backend.tests.test_vehicle_schedules.TestCreateSchedule" name="test_create_schedule_invalid_vehicle" time="0.011" /><testcase classname="backend.tests.test_vehicle_schedules.TestCreateSchedule" name="test_create_schedule_invalid_booking" time="0.053" /><testcase classname="backend.tests.test_vehicle_schedules.TestCreateSchedule" name="test_create_schedule_end_before_start" time="0.011" /><testcase classname="backend.tests.test_vehicle_schedules.TestUpdateSchedule" name="test_update_schedule_notes" time="0.079" /><testcase classname="backend.tests.test_vehicle_schedules.TestUpdateSchedule" name="test_update_schedule_time" time="0.121" /><testcase classname="backend.tests.test_vehicle_schedules.TestUpdateSchedule" name="test_update_nonexistent_schedule" time="0.076" /><testcase classname="backend.tests.test_vehicle_schedules.TestDeleteSchedule" name="test_delete_schedule_success" time="0.267" /><testcase classname="backend.tests.test_vehicle_schedules.TestDeleteSchedule" name="test_delete_nonexistent_schedule" time="0.010" /><testcase classname="backend.tests.test_vehicle_schedules.TestScheduleStatusTransitions" name="test_start_schedule" time="0.121" /><testcase classname="backend.tests.test_vehicle_schedules.TestScheduleStatusTransitions" name="test_complete_schedule_from_scheduled" time="0.079" /><testcase classname="backend.tests.test_vehicle_schedules.TestScheduleStatusTransitions" name="test_start_then_complete_schedule" time="0.050" /><testcase classname="backend.tests.test_vehicle_schedules.TestScheduleStatusTransitions" name="test_start_nonexistent_schedule" time="0.073" /><testcase classname="backend.tests.test_vehicle_schedules.TestScheduleStatusTransitions" name="test_complete_nonexistent_schedule" time="0.072" /><testcase classname="backend.tests.test_vehicle_schedules.TestScheduleResponseStructure" name="test_schedule_response_fields" time="0.014" /><testcase classname="backend.tests.test_vehicle_schedules.TestAuthenticationRequired" name="test_get_schedules_requires_auth" time="0.009" /><testcase classname="backend.tests.test_vehicle_schedules.TestAuthenticationRequired" name="test_create_schedule_requires_admin" time="0.073" /></testsuite></testsuites>